

times in msec
 clock   self+sourced   self:  sourced script
 clock   elapsed:              other lines

000.018  000.018: --- NVIM STARTING ---
000.198  000.180: event init
000.337  000.139: early init
000.524  000.186: locale set
000.599  000.076: init first window
001.112  000.512: inits 1
001.138  000.026: window checked
001.144  000.007: parsing arguments
002.324  000.485  000.485: require('vim.shared')
003.344  000.400  000.400: require('vim._meta')
003.349  001.019  000.618: require('vim._editor')
003.352  001.638  000.135: require('vim._init_packages')
003.357  000.574: init lua interpreter
003.902  000.545: expanding arguments
004.009  000.107: inits 2
004.418  000.409: init highlight
004.422  000.003: waiting for UI
005.758  001.337: done waiting for UI
005.787  000.029: init screen for UI
006.120  000.333: init default mappings
006.157  000.038: init default autocommands
007.874  000.119  000.119: sourcing /usr/local/share/nvim/runtime/ftplugin.vim
008.169  000.063  000.063: sourcing /usr/local/share/nvim/runtime/indent.vim
010.358  000.325  000.325: require('packer.util')
010.396  001.798  001.473: require('packer')
010.814  000.413  000.413: require('packer.log')
011.808  000.405  000.405: require('packer.async')
012.437  000.238  000.238: require('packer.result')
012.444  000.630  000.392: require('packer.jobs')
012.452  001.593  000.558: require('packer.plugin_utils')
012.873  000.393  000.393: require('packer.snapshot')
013.285  004.909  000.712: require('plugins')
013.552  000.260  000.260: require('settings/keymaps')
013.929  000.370  000.370: require('settings/options')
025.093  011.034  011.034: sourcing /usr/home/jack/.config/nvim/colors/gruvbox.vim
025.882  000.140  000.140: require('colorbuddy.execute')
026.025  000.138  000.138: require('colorbuddy.log')
026.281  000.250  000.250: require('colorbuddy.util')
027.045  000.306  000.306: require('colorbuddy.modifiers')
027.119  000.832  000.526: require('colorbuddy.color')
027.370  000.246  000.246: require('colorbuddy.style')
027.382  002.067  000.461: require('colorbuddy.group')
027.387  002.277  000.209: require('colorbuddy')
027.463  013.528  000.217: require('settings/styles')
029.232  000.092  000.092: require('luasnip.session')
029.776  000.537  000.537: require('luasnip.util.util')
029.884  000.103  000.103: require('luasnip.util.types')
030.295  000.191  000.191: require('luasnip.util.ext_opts')
030.302  000.412  000.221: require('luasnip.nodes.util')
030.399  000.094  000.094: require('luasnip.util.events')
030.417  001.578  000.340: require('luasnip.nodes.node')
030.996  000.125  000.125: require('luasnip.util.extend_decorator')
031.006  000.585  000.460: require('luasnip.nodes.insertNode')
031.144  000.134  000.134: require('luasnip.nodes.textNode')
031.339  000.188  000.188: require('luasnip.util.mark')
032.381  000.852  000.852: require('luasnip.util._builtin_vars')
032.764  000.366  000.366: require('vim.inspect')
032.812  001.468  000.250: require('luasnip.util.environ')
032.991  000.174  000.174: require('luasnip.util.pattern_tokenizer')
033.123  000.127  000.127: require('luasnip.util.dict')
033.437  000.308  000.308: require('luasnip.session.snippet_collection')
033.551  005.458  000.895: require('luasnip.nodes.snippet')
033.864  000.101  000.101: require('luasnip.loaders._caches')
034.091  000.215  000.215: require('luasnip.util.path')
034.120  000.560  000.244: require('luasnip.loaders')
034.431  000.283  000.283: require('luasnip.nodes.functionNode')
035.028  000.589  000.589: require('luasnip.nodes.choiceNode')
035.390  000.356  000.356: require('luasnip.nodes.dynamicNode')
035.647  000.250  000.250: require('luasnip.nodes.restoreNode')
036.471  000.217  000.217: require('luasnip.util.parser.neovim_ast')
037.406  000.158  000.158: require('luasnip.util.directed_graph')
037.418  001.552  001.177: require('luasnip.util.parser.ast_utils')
037.815  000.110  000.110: require('luasnip.util.functions')
037.825  000.403  000.293: require('luasnip.util.parser.ast_parser')
038.191  000.363  000.363: require('luasnip.util.parser.neovim_parser')
038.342  000.146  000.146: require('luasnip.util.str')
038.352  002.698  000.234: require('luasnip.util.parser')
040.760  000.253  000.253: require('vim.treesitter.language')
040.801  000.899  000.646: require('vim.treesitter.query')
041.355  000.550  000.550: require('vim.treesitter.languagetree')
041.404  001.926  000.478: require('vim.treesitter')
041.712  003.013  001.087: require('nvim-treesitter.parsers')
042.633  000.351  000.351: require('nvim-treesitter.utils')
042.658  000.939  000.588: require('nvim-treesitter.ts_utils')
042.664  004.109  000.157: require('luasnip.extras.filetype_functions')
042.938  000.248  000.248: require('luasnip.extras')
043.177  000.234  000.234: require('luasnip.extras.fmt')
043.475  000.133  000.133: require('luasnip.extras.conditions')
043.574  000.093  000.093: require('luasnip.extras.conditions.show')
043.582  000.324  000.098: require('luasnip.extras.conditions.expand')
043.585  000.403  000.078: require('luasnip.extras.expand_conditions')
043.699  000.110  000.110: require('luasnip.nodes.absolute_indexer')
044.521  006.165  001.062: require('luasnip.config')
044.530  016.970  000.610: require('luasnip')
045.901  018.432  001.462: require('snippets')
047.609  000.180  000.180: require('cmp.utils.debug')
048.190  000.291  000.291: require('cmp.utils.char')
048.202  000.587  000.296: require('cmp.utils.str')
048.384  000.178  000.178: require('cmp.utils.pattern')
049.252  000.307  000.307: require('cmp.utils.misc')
049.423  000.165  000.165: require('cmp.utils.buffer')
049.650  000.221  000.221: require('cmp.utils.api')
049.660  001.064  000.370: require('cmp.utils.keymap')
049.666  001.277  000.213: require('cmp.utils.feedkeys')
049.920  000.251  000.251: require('cmp.utils.async')
050.494  000.176  000.176: require('cmp.types.cmp')
050.743  000.243  000.243: require('cmp.types.lsp')
050.922  000.174  000.174: require('cmp.types.vim')
050.928  000.775  000.181: require('cmp.types')
051.114  000.183  000.183: require('cmp.utils.cache')
051.122  001.196  000.239: require('cmp.context')
052.124  000.268  000.268: require('cmp.config.mapping')
052.820  000.348  000.348: require('cmp.config.compare')
052.827  000.696  000.348: require('cmp.config.default')
052.841  001.304  000.341: require('cmp.config')
053.718  000.319  000.319: require('cmp.matcher')
053.728  000.884  000.565: require('cmp.entry')
053.737  002.612  000.424: require('cmp.source')
054.220  000.180  000.180: require('cmp.utils.event')
054.871  000.369  000.369: require('cmp.utils.window')
054.878  000.652  000.283: require('cmp.view.docs_view')
055.609  000.198  000.198: require('cmp.utils.autocmd')
055.622  000.742  000.544: require('cmp.view.custom_entries_view')
056.001  000.376  000.376: require('cmp.view.wildmenu_entries_view')
056.361  000.355  000.355: require('cmp.view.native_entries_view')
056.644  000.278  000.278: require('cmp.view.ghost_text_view')
056.683  002.944  000.361: require('cmp.view')
056.781  009.950  000.725: require('cmp.core')
057.102  000.175  000.175: require('cmp.config.sources')
057.273  000.165  000.165: require('cmp.config.window')
057.357  011.255  000.966: require('cmp')
057.634  000.272  000.272: require('lspkind')
058.991  013.083  001.556: require('plugins/configs/cmp')
060.254  000.368  000.368: require('colorizer/nvim')
060.613  000.026  000.026: require('ffi')
060.835  000.574  000.548: require('colorizer/trie')
061.101  002.020  001.077: require('colorizer')
063.290  004.292  002.273: require('plugins/configs/colorizer')
064.499  000.247  000.247: require('lualine_require')
065.050  001.571  001.324: require('lualine')
068.101  000.187  000.187: require('lualine.utils.mode')
074.072  010.775  009.017: require('plugins/configs/lualine')
076.037  000.378  000.378: require('neo-tree.log')
076.068  001.194  000.815: require('neo-tree.utils')
077.520  000.275  000.275: require('nui.object')
078.190  000.100  000.100: require('vim.keymap')
078.204  000.455  000.355: require('nui.utils')
078.255  000.728  000.273: require('nui.text')
078.279  001.243  000.240: require('nui.line')
078.989  000.190  000.190: require('nui.tree.util')
079.007  000.724  000.533: require('nui.tree')
079.537  000.164  000.164: require('nui.utils.buf_storage')
079.907  000.365  000.365: require('nui.utils.autocmd')
080.143  000.231  000.231: require('nui.utils.keymap')
080.665  000.275  000.275: require('nui.layout.utils')
080.672  000.524  000.249: require('nui.split.utils')
080.689  001.679  000.395: require('nui.split')
081.734  000.658  000.658: require('nui.popup.border')
081.756  001.064  000.406: require('nui.popup')
082.128  000.368  000.368: require('neo-tree.ui.highlights')
082.633  000.264  000.264: require('nui.input')
082.648  000.515  000.251: require('neo-tree.ui.popups')
083.187  000.329  000.329: require('neo-tree.events.queue')
083.194  000.543  000.214: require('neo-tree.events')
083.211  007.138  001.002: require('neo-tree.ui.renderer')
085.255  000.238  000.238: require('plenary.functional')
085.267  000.843  000.605: require('plenary.job')
085.272  001.109  000.266: require('neo-tree.sources.filesystem.lib.filter_external')
086.311  000.557  000.557: require('plenary.iterators')
087.816  000.393  000.393: require('plenary.bit')
087.847  001.530  001.136: require('plenary.path')
087.852  002.293  000.207: require('neo-tree.sources.common.file-nesting')
088.546  000.151  000.151: require('neo-tree.git.utils')
088.552  000.551  000.399: require('neo-tree.git.status')
088.795  000.240  000.240: require('neo-tree.git.ignored')
088.801  000.946  000.155: require('neo-tree.git')
088.806  003.531  000.293: require('neo-tree.sources.common.file-items')
089.072  000.264  000.264: require('neo-tree.sources.filesystem.lib.fs_watch')
089.086  005.308  000.405: require('neo-tree.sources.filesystem.lib.fs_scan')
089.293  000.204  000.204: require('neo-tree.ui.inputs')
089.313  006.099  000.587: require('neo-tree.sources.manager')
090.261  000.382  000.382: require('neo-tree.defaults')
090.486  000.218  000.218: require('neo-tree.setup.mapping-helper')
091.291  000.264  000.264: require('neo-tree.command.parser')
091.542  000.246  000.246: require('neo-tree.command.completion')
091.549  000.819  000.309: require('neo-tree.command')
091.552  001.060  000.242: require('neo-tree.setup.netrw')
091.557  002.241  000.581: require('neo-tree.setup')
091.565  017.216  000.543: require('neo-tree')
092.123  000.239  000.239: require('neo-tree.setup.deprecations')
094.413  000.244  000.244: require('neo-tree.sources.filesystem.lib.globtopattern')
094.423  000.733  000.489: require('neo-tree.sources.filesystem')
094.941  000.219  000.219: require('neo-tree.sources.buffers.lib.items')
094.949  000.518  000.298: require('neo-tree.sources.buffers')
095.342  000.182  000.182: require('neo-tree.sources.git_status.lib.items')
095.349  000.392  000.210: require('neo-tree.sources.git_status')
096.575  000.371  000.371: require('neo-tree.sources.common.container')
096.584  000.828  000.457: require('neo-tree.sources.common.components')
096.646  001.087  000.259: require('neo-tree.sources.buffers.components')
099.066  000.969  000.969: require('plenary.scandir')
099.509  000.217  000.217: require('plenary.reload')
099.777  000.704  000.487: require('plenary')
101.253  000.457  000.457: require('plenary.bit')
101.557  000.298  000.298: require('plenary.functional')
101.598  001.813  001.058: require('plenary.path')
101.614  004.105  000.619: require('neo-tree.sources.filesystem.lib.fs_actions')
101.906  000.287  000.287: require('neo-tree.sources.common.help')
102.424  000.513  000.513: require('neo-tree.sources.common.preview')
102.452  005.575  000.671: require('neo-tree.sources.common.commands')
102.476  005.822  000.247: require('neo-tree.sources.buffers.commands')
103.031  000.197  000.197: require('neo-tree.sources.git_status.components')
103.332  000.295  000.295: require('neo-tree.sources.git_status.commands')
103.770  000.217  000.217: require('neo-tree.sources.filesystem.components')
104.533  000.350  000.350: require('neo-tree.sources.filesystem.lib.filter')
104.613  000.836  000.486: require('neo-tree.sources.filesystem.commands')
107.485  033.406  005.855: require('plugins/configs/neo-tree')
109.078  000.328  000.328: require('nvim-treesitter.tsrange')
109.304  000.220  000.220: require('nvim-treesitter.caching')
109.332  001.092  000.545: require('nvim-treesitter.query')
109.364  001.780  000.688: require('nvim-treesitter.configs')
110.551  000.335  000.335: require('nvim-treesitter.info')
110.993  000.436  000.436: require('nvim-treesitter.shell_command_selectors')
111.072  001.685  000.914: require('nvim-treesitter.install')
112.069  004.579  001.114: require('plugins/configs/nvim-treesitter')
112.484  000.407  000.407: require('plugins/configs/telescope')
112.490  104.192  000.150: sourcing /usr/home/jack/.config/nvim/init.lua
112.500  001.969: sourcing vimrc file(s)
113.226  000.045  000.045: sourcing /usr/home/jack/.local/share/nvim/site/pack/packer/start/LuaSnip/ftdetect/snippets.vim
113.857  000.985  000.940: sourcing /usr/local/share/nvim/runtime/filetype.lua
113.980  000.068  000.068: sourcing /usr/local/share/nvim/runtime/filetype.vim
114.554  000.194  000.194: sourcing /usr/local/share/nvim/runtime/syntax/synload.vim
114.805  000.700  000.506: sourcing /usr/local/share/nvim/runtime/syntax/syntax.vim
115.239  000.047  000.047: require('vim.F')
116.805  000.259  000.259: sourcing /usr/local/share/nvim/runtime/plugin/gzip.vim
116.874  000.036  000.036: sourcing /usr/local/share/nvim/runtime/plugin/health.vim
117.779  000.302  000.302: sourcing /usr/local/share/nvim/runtime/pack/dist/opt/matchit/plugin/matchit.vim
117.964  001.059  000.757: sourcing /usr/local/share/nvim/runtime/plugin/matchit.vim
118.222  000.228  000.228: sourcing /usr/local/share/nvim/runtime/plugin/matchparen.vim
118.763  000.509  000.509: sourcing /usr/local/share/nvim/runtime/plugin/netrwPlugin.vim
119.129  000.033  000.033: sourcing /usr/home/jack/.local/share/nvim/rplugin.vim
119.146  000.336  000.303: sourcing /usr/local/share/nvim/runtime/plugin/rplugin.vim
119.288  000.110  000.110: sourcing /usr/local/share/nvim/runtime/plugin/shada.vim
119.399  000.060  000.060: sourcing /usr/local/share/nvim/runtime/plugin/spellfile.vim
119.620  000.177  000.177: sourcing /usr/local/share/nvim/runtime/plugin/tarPlugin.vim
119.810  000.136  000.136: sourcing /usr/local/share/nvim/runtime/plugin/tohtml.vim
119.893  000.041  000.041: sourcing /usr/local/share/nvim/runtime/plugin/tutor.vim
120.167  000.233  000.233: sourcing /usr/local/share/nvim/runtime/plugin/zipPlugin.vim
121.201  000.856  000.856: sourcing /usr/home/jack/.config/nvim/plugin/packer_compiled.lua
121.666  000.129  000.129: sourcing /usr/local/share/nvim/runtime/plugin/man.lua
121.692  003.222: loading rtp plugins
122.710  000.294  000.294: sourcing /usr/home/jack/.local/share/nvim/site/pack/packer/start/LuaSnip/plugin/luasnip.vim
123.576  000.156  000.156: sourcing /usr/home/jack/.local/share/nvim/site/pack/packer/start/neo-tree.nvim/plugin/neo-tree.vim
126.346  002.132  002.132: require('cmp.utils.highlight')
127.174  003.114  000.982: sourcing /usr/home/jack/.local/share/nvim/site/pack/packer/start/nvim-cmp/plugin/cmp.lua
127.459  000.068  000.068: sourcing /usr/home/jack/.local/share/nvim/site/pack/packer/start/nvim-colorizer.lua/plugin/colorizer.vim
128.450  000.230  000.230: require('nvim-treesitter.statusline')
128.840  000.385  000.385: require('nvim-treesitter.query_predicates')
128.856  000.844  000.229: require('nvim-treesitter')
129.422  001.509  000.665: sourcing /usr/home/jack/.local/share/nvim/site/pack/packer/start/nvim-treesitter/plugin/nvim-treesitter.lua
129.742  000.068  000.068: sourcing /usr/home/jack/.local/share/nvim/site/pack/packer/start/nvim-web-devicons/plugin/nvim-web-devicons.vim
130.172  000.060  000.060: sourcing /usr/home/jack/.local/share/nvim/site/pack/packer/start/plenary.nvim/plugin/plenary.vim
130.771  000.210  000.210: sourcing /usr/home/jack/.local/share/nvim/site/pack/packer/start/vim-commentary/plugin/commentary.vim
131.667  000.540  000.540: sourcing /usr/home/jack/.local/share/nvim/site/pack/packer/start/vim-surround/plugin/surround.vim
131.981  004.271: loading packages
133.473  000.114  000.114: require('cmp_buffer.timer')
133.483  000.481  000.367: require('cmp_buffer.buffer')
133.495  000.734  000.252: require('cmp_buffer.source')
133.500  000.828  000.094: require('cmp_buffer')
133.534  000.921  000.093: sourcing /usr/home/jack/.local/share/nvim/site/pack/packer/start/cmp-buffer/after/plugin/cmp_buffer.lua
134.217  000.208  000.208: require('cmp_nvim_lsp.source')
134.224  000.418  000.210: require('cmp_nvim_lsp')
134.252  000.492  000.075: sourcing /usr/home/jack/.local/share/nvim/site/pack/packer/start/cmp-nvim-lsp/after/plugin/cmp_nvim_lsp.lua
134.971  000.475  000.475: require('cmp_path')
134.999  000.551  000.076: sourcing /usr/home/jack/.local/share/nvim/site/pack/packer/start/cmp-path/after/plugin/cmp_path.lua
139.302  001.491  001.491: require('vim.lsp.protocol')
140.505  001.146  001.146: require('vim.lsp._snippet')
140.852  000.339  000.339: require('vim.highlight')
140.897  005.370  002.394: require('vim.lsp.util')
140.904  005.639  000.269: require('cmp_luasnip')
140.966  005.768  000.129: sourcing /usr/home/jack/.local/share/nvim/site/pack/packer/start/cmp_luasnip/after/plugin/cmp_luasnip.lua
140.976  001.264: loading after plugins
140.996  000.019: inits 3
143.616  002.620: reading ShaDa
144.264  000.211  000.211: require('luasnip.loaders.util')
144.273  000.401  000.190: require('luasnip.loaders.from_lua')
144.795  000.137  000.137: require('luasnip.nodes.snippetProxy')
144.804  000.433  000.296: require('luasnip.loaders.from_snipmate')
145.292  000.261  000.261: require('luasnip.loaders.from_vscode')
145.346  000.635: opening buffers
145.666  000.138  000.138: sourcing /usr/local/share/nvim/runtime/syntax/nosyntax.vim
146.024  000.145  000.145: sourcing /usr/local/share/nvim/runtime/syntax/synload.vim
146.228  000.782  000.499: sourcing /usr/local/share/nvim/runtime/syntax/syntax.vim
146.524  000.396: BufEnter autocommands
146.531  000.007: editing files in windows
146.662  000.131: VimEnter autocommands
146.668  000.005: UIEnter autocommands
146.670  000.002: before starting main loop
147.270  000.600: first screen update
147.275  000.005: --- NVIM STARTED ---


times in msec
 clock   self+sourced   self:  sourced script
 clock   elapsed:              other lines

000.024  000.024: --- NVIM STARTING ---
000.276  000.252: event init
000.490  000.214: early init
000.717  000.227: locale set
000.803  000.085: init first window
001.485  000.682: inits 1
001.543  000.058: window checked
001.563  000.020: parsing arguments
003.240  000.752  000.752: require('vim.shared')
004.773  000.616  000.616: require('vim._meta')
004.781  001.532  000.916: require('vim._editor')
004.784  002.480  000.197: require('vim._init_packages')
004.791  000.748: init lua interpreter
005.546  000.755: expanding arguments
005.704  000.158: inits 2
006.226  000.522: init highlight
006.230  000.004: waiting for UI
007.803  001.573: done waiting for UI
007.841  000.038: init screen for UI
008.349  000.507: init default mappings
008.390  000.042: init default autocommands
010.430  000.174  000.174: sourcing /usr/local/share/nvim/runtime/ftplugin.vim
010.788  000.087  000.087: sourcing /usr/local/share/nvim/runtime/indent.vim
013.519  000.390  000.390: require('packer.util')
013.617  002.290  001.900: require('packer')
014.060  000.434  000.434: require('packer.log')
015.102  000.356  000.356: require('packer.async')
015.866  000.322  000.322: require('packer.result')
015.875  000.765  000.443: require('packer.jobs')
015.886  001.767  000.645: require('packer.plugin_utils')
016.371  000.447  000.447: require('packer.snapshot')
017.114  006.082  001.143: require('plugins')
017.509  000.385  000.385: require('settings/keymaps')
017.948  000.431  000.431: require('settings/options')
033.543  015.314  015.314: sourcing /usr/home/jack/.config/nvim/colors/gruvbox.vim
034.407  000.167  000.167: require('colorbuddy.execute')
034.544  000.129  000.129: require('colorbuddy.log')
034.837  000.276  000.276: require('colorbuddy.util')
035.785  000.398  000.398: require('colorbuddy.modifiers')
035.892  001.047  000.649: require('colorbuddy.color')
036.155  000.257  000.257: require('colorbuddy.style')
036.173  002.421  000.545: require('colorbuddy.group')
036.179  002.605  000.184: require('colorbuddy')
036.281  018.324  000.405: require('settings/styles')
038.364  027.431  002.209: sourcing /usr/home/jack/.config/nvim/init.lua
038.394  002.311: sourcing vimrc file(s)
039.502  000.708  000.708: sourcing /usr/local/share/nvim/runtime/filetype.lua
039.724  000.141  000.141: sourcing /usr/local/share/nvim/runtime/filetype.vim
040.297  000.205  000.205: sourcing /usr/local/share/nvim/runtime/syntax/synload.vim
040.506  000.702  000.496: sourcing /usr/local/share/nvim/runtime/syntax/syntax.vim
042.840  000.380  000.380: sourcing /usr/local/share/nvim/runtime/plugin/gzip.vim
042.930  000.045  000.045: sourcing /usr/local/share/nvim/runtime/plugin/health.vim
044.166  000.410  000.410: sourcing /usr/local/share/nvim/runtime/pack/dist/opt/matchit/plugin/matchit.vim
044.428  001.449  001.039: sourcing /usr/local/share/nvim/runtime/plugin/matchit.vim
044.827  000.359  000.359: sourcing /usr/local/share/nvim/runtime/plugin/matchparen.vim
045.658  000.786  000.786: sourcing /usr/local/share/nvim/runtime/plugin/netrwPlugin.vim
046.164  000.046  000.046: sourcing /usr/home/jack/.local/share/nvim/rplugin.vim
046.187  000.471  000.425: sourcing /usr/local/share/nvim/runtime/plugin/rplugin.vim
046.387  000.146  000.146: sourcing /usr/local/share/nvim/runtime/plugin/shada.vim
046.530  000.064  000.064: sourcing /usr/local/share/nvim/runtime/plugin/spellfile.vim
046.838  000.247  000.247: sourcing /usr/local/share/nvim/runtime/plugin/tarPlugin.vim
047.096  000.207  000.207: sourcing /usr/local/share/nvim/runtime/plugin/tohtml.vim
047.199  000.054  000.054: sourcing /usr/local/share/nvim/runtime/plugin/tutor.vim
047.574  000.314  000.314: sourcing /usr/local/share/nvim/runtime/plugin/zipPlugin.vim
048.703  000.899  000.899: sourcing /usr/home/jack/.config/nvim/plugin/packer_compiled.lua
049.249  000.128  000.128: sourcing /usr/local/share/nvim/runtime/plugin/man.lua
049.284  003.791: loading rtp plugins
050.545  000.199  000.199: sourcing /usr/home/jack/.local/share/nvim/site/pack/packer/start/neo-tree.nvim/plugin/neo-tree.vim
051.126  000.084  000.084: sourcing /usr/home/jack/.local/share/nvim/site/pack/packer/start/nvim-colorizer.lua/plugin/colorizer.vim
054.995  000.346  000.346: require('nvim-treesitter.utils')
057.698  000.266  000.266: require('vim.treesitter.language')
057.722  001.084  000.818: require('vim.treesitter.query')
058.488  000.760  000.760: require('vim.treesitter.languagetree')
058.575  002.509  000.665: require('vim.treesitter')
059.066  004.063  001.554: require('nvim-treesitter.parsers')
062.117  000.740  000.740: require('nvim-treesitter.ts_utils')
062.130  001.207  000.468: require('nvim-treesitter.tsrange')
062.339  000.204  000.204: require('nvim-treesitter.caching')
062.357  002.091  000.680: require('nvim-treesitter.query')
062.377  002.880  000.789: require('nvim-treesitter.configs')
062.383  003.308  000.428: require('nvim-treesitter.info')
062.819  000.432  000.432: require('nvim-treesitter.shell_command_selectors')
062.860  009.055  000.906: require('nvim-treesitter.install')
063.093  000.227  000.227: require('nvim-treesitter.statusline')
063.431  000.330  000.330: require('nvim-treesitter.query_predicates')
063.440  011.606  001.993: require('nvim-treesitter')
064.120  012.372  000.766: sourcing /usr/home/jack/.local/share/nvim/site/pack/packer/start/nvim-treesitter/plugin/nvim-treesitter.lua
064.574  000.108  000.108: sourcing /usr/home/jack/.local/share/nvim/site/pack/packer/start/nvim-web-devicons/plugin/nvim-web-devicons.vim
065.229  000.094  000.094: sourcing /usr/home/jack/.local/share/nvim/site/pack/packer/start/plenary.nvim/plugin/plenary.vim
066.107  000.276  000.276: sourcing /usr/home/jack/.local/share/nvim/site/pack/packer/start/vim-commentary/plugin/commentary.vim
067.348  000.767  000.767: sourcing /usr/home/jack/.local/share/nvim/site/pack/packer/start/vim-surround/plugin/surround.vim
067.773  004.589: loading packages
067.780  000.008: loading after plugins
067.804  000.024: inits 3
071.427  003.623: reading ShaDa
071.691  000.263: opening buffers
072.105  000.141  000.141: sourcing /usr/local/share/nvim/runtime/syntax/nosyntax.vim
072.512  000.180  000.180: sourcing /usr/local/share/nvim/runtime/syntax/synload.vim
072.702  000.877  000.556: sourcing /usr/local/share/nvim/runtime/syntax/syntax.vim
072.755  000.187: BufEnter autocommands
072.763  000.008: editing files in windows
072.921  000.158: VimEnter autocommands
072.927  000.007: UIEnter autocommands
072.930  000.003: before starting main loop
6566.514  6493.584: first screen update
6566.528  000.014: --- NVIM STARTED ---


times in msec
 clock   self+sourced   self:  sourced script
 clock   elapsed:              other lines

000.019  000.019: --- NVIM STARTING ---
000.265  000.245: event init
000.414  000.149: early init
000.604  000.190: locale set
000.676  000.073: init first window
001.290  000.614: inits 1
001.317  000.027: window checked
001.325  000.007: parsing arguments
002.559  000.518  000.518: require('vim.shared')
003.657  000.421  000.421: require('vim._meta')
003.663  001.097  000.676: require('vim._editor')
003.665  001.744  000.129: require('vim._init_packages')
003.673  000.604: init lua interpreter
004.418  000.745: expanding arguments
004.623  000.205: inits 2
005.185  000.561: init highlight
005.188  000.003: waiting for UI
006.498  001.310: done waiting for UI
006.525  000.027: init screen for UI
006.707  000.181: init default mappings
006.732  000.025: init default autocommands
008.387  000.113  000.113: sourcing /usr/local/share/nvim/runtime/ftplugin.vim
008.710  000.074  000.074: sourcing /usr/local/share/nvim/runtime/indent.vim
010.760  000.319  000.319: require('packer.util')
010.795  001.691  001.372: require('packer')
011.194  000.394  000.394: require('packer.log')
011.976  000.288  000.288: require('packer.async')
012.589  000.227  000.227: require('packer.result')
012.596  000.614  000.387: require('packer.jobs')
012.604  001.364  000.462: require('packer.plugin_utils')
013.013  000.379  000.379: require('packer.snapshot')
013.450  004.543  000.714: require('plugins')
013.744  000.286  000.286: require('settings/keymaps')
014.057  000.307  000.307: require('settings/options')
024.835  010.499  010.499: sourcing /usr/home/jack/.config/nvim/colors/gruvbox.vim
025.621  000.139  000.139: require('colorbuddy.execute')
025.770  000.143  000.143: require('colorbuddy.log')
026.034  000.258  000.258: require('colorbuddy.util')
026.848  000.317  000.317: require('colorbuddy.modifiers')
026.891  000.851  000.534: require('colorbuddy.color')
027.060  000.165  000.165: require('colorbuddy.style')
027.072  002.035  000.479: require('colorbuddy.group')
027.076  002.225  000.190: require('colorbuddy')
027.150  013.085  000.361: require('settings/styles')
028.264  019.435  001.214: sourcing /usr/home/jack/.config/nvim/init.lua
028.280  001.927: sourcing vimrc file(s)
029.209  000.609  000.609: sourcing /usr/local/share/nvim/runtime/filetype.lua
029.473  000.188  000.188: sourcing /usr/local/share/nvim/runtime/filetype.vim
029.989  000.192  000.192: sourcing /usr/local/share/nvim/runtime/syntax/synload.vim
030.143  000.597  000.405: sourcing /usr/local/share/nvim/runtime/syntax/syntax.vim
032.060  000.376  000.376: sourcing /usr/local/share/nvim/runtime/plugin/gzip.vim
032.163  000.052  000.052: sourcing /usr/local/share/nvim/runtime/plugin/health.vim
033.244  000.361  000.361: sourcing /usr/local/share/nvim/runtime/pack/dist/opt/matchit/plugin/matchit.vim
033.457  001.236  000.875: sourcing /usr/local/share/nvim/runtime/plugin/matchit.vim
033.796  000.293  000.293: sourcing /usr/local/share/nvim/runtime/plugin/matchparen.vim
034.464  000.619  000.619: sourcing /usr/local/share/nvim/runtime/plugin/netrwPlugin.vim
034.837  000.040  000.040: sourcing /usr/home/jack/.local/share/nvim/rplugin.vim
034.855  000.332  000.292: sourcing /usr/local/share/nvim/runtime/plugin/rplugin.vim
035.037  000.111  000.111: sourcing /usr/local/share/nvim/runtime/plugin/shada.vim
035.143  000.048  000.048: sourcing /usr/local/share/nvim/runtime/plugin/spellfile.vim
035.373  000.182  000.182: sourcing /usr/local/share/nvim/runtime/plugin/tarPlugin.vim
035.582  000.160  000.160: sourcing /usr/local/share/nvim/runtime/plugin/tohtml.vim
035.682  000.044  000.044: sourcing /usr/local/share/nvim/runtime/plugin/tutor.vim
036.027  000.293  000.293: sourcing /usr/local/share/nvim/runtime/plugin/zipPlugin.vim
036.901  000.679  000.679: sourcing /usr/home/jack/.config/nvim/plugin/packer_compiled.lua
037.361  000.118  000.118: sourcing /usr/local/share/nvim/runtime/plugin/man.lua
037.387  003.168: loading rtp plugins
038.357  000.158  000.158: sourcing /usr/home/jack/.local/share/nvim/site/pack/packer/start/neo-tree.nvim/plugin/neo-tree.vim
038.851  000.064  000.064: sourcing /usr/home/jack/.local/share/nvim/site/pack/packer/start/nvim-colorizer.lua/plugin/colorizer.vim
042.019  000.268  000.268: require('nvim-treesitter.utils')
044.295  000.222  000.222: require('vim.treesitter.language')
044.315  000.829  000.607: require('vim.treesitter.query')
045.021  000.702  000.702: require('vim.treesitter.languagetree')
045.082  002.115  000.584: require('vim.treesitter')
045.487  003.462  001.347: require('nvim-treesitter.parsers')
047.843  000.453  000.453: require('nvim-treesitter.ts_utils')
047.852  000.796  000.343: require('nvim-treesitter.tsrange')
048.044  000.188  000.188: require('nvim-treesitter.caching')
048.058  001.575  000.591: require('nvim-treesitter.query')
048.074  002.266  000.691: require('nvim-treesitter.configs')
048.079  002.585  000.319: require('nvim-treesitter.info')
048.413  000.331  000.331: require('nvim-treesitter.shell_command_selectors')
048.443  007.423  000.777: require('nvim-treesitter.install')
048.638  000.190  000.190: require('nvim-treesitter.statusline')
048.944  000.300  000.300: require('nvim-treesitter.query_predicates')
048.950  009.496  001.583: require('nvim-treesitter')
049.498  010.128  000.632: sourcing /usr/home/jack/.local/share/nvim/site/pack/packer/start/nvim-treesitter/plugin/nvim-treesitter.lua
049.904  000.080  000.080: sourcing /usr/home/jack/.local/share/nvim/site/pack/packer/start/nvim-web-devicons/plugin/nvim-web-devicons.vim
050.447  000.077  000.077: sourcing /usr/home/jack/.local/share/nvim/site/pack/packer/start/plenary.nvim/plugin/plenary.vim
051.031  000.190  000.190: sourcing /usr/home/jack/.local/share/nvim/site/pack/packer/start/vim-commentary/plugin/commentary.vim
052.028  000.613  000.613: sourcing /usr/home/jack/.local/share/nvim/site/pack/packer/start/vim-surround/plugin/surround.vim
052.353  003.654: loading packages
052.359  000.006: loading after plugins
052.375  000.017: inits 3
055.936  003.560: reading ShaDa
056.113  000.177: opening buffers
056.427  000.101  000.101: sourcing /usr/local/share/nvim/runtime/syntax/nosyntax.vim
056.732  000.139  000.139: sourcing /usr/local/share/nvim/runtime/syntax/synload.vim
056.865  000.646  000.407: sourcing /usr/local/share/nvim/runtime/syntax/syntax.vim
056.903  000.144: BufEnter autocommands
056.909  000.006: editing files in windows
057.040  000.131: VimEnter autocommands
057.045  000.005: UIEnter autocommands
057.047  000.002: before starting main loop
807.372  750.325: first screen update
807.377  000.005: --- NVIM STARTED ---


times in msec
 clock   self+sourced   self:  sourced script
 clock   elapsed:              other lines

000.020  000.020: --- NVIM STARTING ---
000.194  000.174: event init
000.341  000.147: early init
000.563  000.221: locale set
000.653  000.090: init first window
001.210  000.557: inits 1
001.239  000.029: window checked
001.247  000.009: parsing arguments
002.448  000.468  000.468: require('vim.shared')
003.461  000.403  000.403: require('vim._meta')
003.466  001.011  000.608: require('vim._editor')
003.468  001.624  000.145: require('vim._init_packages')
003.474  000.603: init lua interpreter
004.052  000.578: expanding arguments
004.162  000.111: inits 2
004.590  000.428: init highlight
004.594  000.003: waiting for UI
006.232  001.638: done waiting for UI
006.267  000.035: init screen for UI
006.544  000.278: init default mappings
006.583  000.039: init default autocommands
008.227  000.110  000.110: sourcing /usr/local/share/nvim/runtime/ftplugin.vim
008.685  000.138  000.138: sourcing /usr/local/share/nvim/runtime/indent.vim
011.130  000.324  000.324: require('packer.util')
011.169  001.962  001.638: require('packer')
011.535  000.361  000.361: require('packer.log')
012.369  000.302  000.302: require('packer.async')
012.974  000.227  000.227: require('packer.result')
012.981  000.606  000.379: require('packer.jobs')
012.988  001.399  000.491: require('packer.plugin_utils')
013.387  000.368  000.368: require('packer.snapshot')
013.859  004.877  000.786: require('plugins')
014.141  000.274  000.274: require('settings/keymaps')
014.547  000.400  000.400: require('settings/options')
025.584  010.897  010.897: sourcing /usr/home/jack/.config/nvim/colors/gruvbox.vim
026.430  000.131  000.131: require('colorbuddy.execute')
026.585  000.148  000.148: require('colorbuddy.log')
026.845  000.253  000.253: require('colorbuddy.util')
027.610  000.309  000.309: require('colorbuddy.modifiers')
027.683  000.822  000.512: require('colorbuddy.color')
027.924  000.236  000.236: require('colorbuddy.style')
027.936  002.034  000.444: require('colorbuddy.group')
027.941  002.339  000.305: require('colorbuddy')
028.019  013.466  000.230: require('settings/styles')
029.763  000.093  000.093: require('luasnip.session')
030.325  000.555  000.555: require('luasnip.util.util')
030.424  000.093  000.093: require('luasnip.util.types')
030.800  000.167  000.167: require('luasnip.util.ext_opts')
030.807  000.378  000.210: require('luasnip.nodes.util')
030.920  000.109  000.109: require('luasnip.util.events')
030.937  001.542  000.314: require('luasnip.nodes.node')
031.402  000.125  000.125: require('luasnip.util.extend_decorator')
031.412  000.471  000.346: require('luasnip.nodes.insertNode')
031.548  000.132  000.132: require('luasnip.nodes.textNode')
031.749  000.195  000.195: require('luasnip.util.mark')
032.798  000.848  000.848: require('luasnip.util._builtin_vars')
033.135  000.328  000.328: require('vim.inspect')
033.188  001.433  000.258: require('luasnip.util.environ')
033.361  000.168  000.168: require('luasnip.util.pattern_tokenizer')
033.499  000.132  000.132: require('luasnip.util.dict')
033.836  000.331  000.331: require('luasnip.session.snippet_collection')
033.986  005.320  000.914: require('luasnip.nodes.snippet')
034.296  000.101  000.101: require('luasnip.loaders._caches')
034.522  000.214  000.214: require('luasnip.util.path')
034.551  000.556  000.241: require('luasnip.loaders')
034.875  000.286  000.286: require('luasnip.nodes.functionNode')
035.476  000.594  000.594: require('luasnip.nodes.choiceNode')
035.830  000.347  000.347: require('luasnip.nodes.dynamicNode')
036.080  000.244  000.244: require('luasnip.nodes.restoreNode')
036.751  000.172  000.172: require('luasnip.util.parser.neovim_ast')
037.567  000.143  000.143: require('luasnip.util.directed_graph')
037.587  001.340  001.025: require('luasnip.util.parser.ast_utils')
037.963  000.112  000.112: require('luasnip.util.functions')
037.972  000.381  000.269: require('luasnip.util.parser.ast_parser')
038.317  000.342  000.342: require('luasnip.util.parser.neovim_parser')
038.465  000.142  000.142: require('luasnip.util.str')
038.474  002.388  000.182: require('luasnip.util.parser')
041.020  000.222  000.222: require('vim.treesitter.language')
041.045  000.903  000.682: require('vim.treesitter.query')
041.594  000.544  000.544: require('vim.treesitter.languagetree')
041.647  001.997  000.550: require('vim.treesitter')
041.879  003.046  001.050: require('nvim-treesitter.parsers')
042.809  000.355  000.355: require('nvim-treesitter.utils')
042.820  000.934  000.579: require('nvim-treesitter.ts_utils')
042.826  004.114  000.133: require('luasnip.extras.filetype_functions')
043.107  000.249  000.249: require('luasnip.extras')
043.347  000.234  000.234: require('luasnip.extras.fmt')
043.646  000.132  000.132: require('luasnip.extras.conditions')
043.730  000.078  000.078: require('luasnip.extras.conditions.show')
043.738  000.311  000.101: require('luasnip.extras.conditions.expand')
043.741  000.388  000.077: require('luasnip.extras.expand_conditions')
043.845  000.101  000.101: require('luasnip.nodes.absolute_indexer')
044.632  006.154  001.068: require('luasnip.config')
044.641  016.516  000.627: require('luasnip')
045.921  017.895  001.379: require('snippets')
047.704  000.384  000.384: require('colorizer/nvim')
048.028  000.021  000.021: require('ffi')
048.207  000.497  000.476: require('colorizer/trie')
048.502  002.473  001.592: require('colorizer')
050.783  004.856  002.383: require('plugins/configs/colorizer')
052.061  000.367  000.367: require('lualine_require')
052.562  001.606  001.239: require('lualine')
059.750  000.222  000.222: require('lualine.utils.mode')
061.161  010.371  008.543: require('plugins/configs/lualine')
063.084  000.433  000.433: require('neo-tree.log')
063.124  001.247  000.814: require('neo-tree.utils')
065.230  000.360  000.360: require('nui.object')
066.118  000.105  000.105: require('vim.keymap')
066.132  000.585  000.480: require('nui.utils')
066.160  000.923  000.338: require('nui.text')
066.178  001.593  000.310: require('nui.line')
066.996  000.224  000.224: require('nui.tree.util')
067.023  000.842  000.618: require('nui.tree')
067.751  000.166  000.166: require('nui.utils.buf_storage')
068.262  000.506  000.506: require('nui.utils.autocmd')
068.529  000.262  000.262: require('nui.utils.keymap')
069.167  000.333  000.333: require('nui.layout.utils')
069.174  000.639  000.306: require('nui.split.utils')
069.226  002.199  000.627: require('nui.split')
070.624  000.882  000.882: require('nui.popup.border')
070.673  001.443  000.560: require('nui.popup')
071.149  000.470  000.470: require('neo-tree.ui.highlights')
071.776  000.346  000.346: require('nui.input')
071.784  000.629  000.284: require('neo-tree.ui.popups')
072.488  000.385  000.385: require('neo-tree.events.queue')
072.497  000.709  000.324: require('neo-tree.events')
072.521  009.392  001.508: require('neo-tree.ui.renderer')
075.742  000.323  000.323: require('plenary.functional')
075.765  001.571  001.248: require('plenary.job')
075.774  002.018  000.448: require('neo-tree.sources.filesystem.lib.filter_external')
076.927  000.608  000.608: require('plenary.iterators')
078.173  000.435  000.435: require('plenary.bit')
078.208  001.275  000.840: require('plenary.path')
078.214  002.081  000.198: require('neo-tree.sources.common.file-nesting')
078.928  000.160  000.160: require('neo-tree.git.utils')
078.935  000.557  000.397: require('neo-tree.git.status')
079.159  000.221  000.221: require('neo-tree.git.ignored')
079.165  000.939  000.161: require('neo-tree.git')
079.170  003.393  000.373: require('neo-tree.sources.common.file-items')
079.423  000.251  000.251: require('neo-tree.sources.filesystem.lib.fs_watch')
079.432  006.185  000.523: require('neo-tree.sources.filesystem.lib.fs_scan')
079.657  000.223  000.223: require('neo-tree.ui.inputs')
079.674  007.149  000.741: require('neo-tree.sources.manager')
080.652  000.418  000.418: require('neo-tree.defaults')
080.874  000.215  000.215: require('neo-tree.setup.mapping-helper')
081.632  000.274  000.274: require('neo-tree.command.parser')
081.863  000.225  000.225: require('neo-tree.command.completion')
081.870  000.782  000.283: require('neo-tree.command')
081.874  000.994  000.212: require('neo-tree.setup.netrw')
081.879  002.202  000.575: require('neo-tree.setup')
081.887  020.489  000.499: require('neo-tree')
082.448  000.245  000.245: require('neo-tree.setup.deprecations')
084.637  000.287  000.287: require('neo-tree.sources.filesystem.lib.globtopattern')
084.648  000.742  000.455: require('neo-tree.sources.filesystem')
085.150  000.236  000.236: require('neo-tree.sources.buffers.lib.items')
085.159  000.501  000.265: require('neo-tree.sources.buffers')
085.610  000.203  000.203: require('neo-tree.sources.git_status.lib.items')
085.617  000.426  000.223: require('neo-tree.sources.git_status')
086.908  000.377  000.377: require('neo-tree.sources.common.container')
086.917  000.779  000.402: require('neo-tree.sources.common.components')
087.009  001.053  000.274: require('neo-tree.sources.filesystem.components')
089.797  001.205  001.205: require('plenary.scandir')
090.287  000.219  000.219: require('plenary.reload')
090.540  000.736  000.517: require('plenary')
091.740  000.387  000.387: require('plenary.bit')
091.972  000.226  000.226: require('plenary.functional')
092.001  001.453  000.841: require('plenary.path')
092.014  004.030  000.635: require('neo-tree.sources.filesystem.lib.fs_actions')
092.235  000.216  000.216: require('neo-tree.sources.common.help')
092.729  000.489  000.489: require('neo-tree.sources.common.preview')
092.750  005.404  000.669: require('neo-tree.sources.common.commands')
093.066  000.311  000.311: require('neo-tree.sources.filesystem.lib.filter')
093.180  006.163  000.448: require('neo-tree.sources.filesystem.commands')
093.950  000.195  000.195: require('neo-tree.sources.git_status.components')
094.163  000.206  000.206: require('neo-tree.sources.git_status.commands')
094.599  000.223  000.223: require('neo-tree.sources.buffers.components')
094.907  000.302  000.302: require('neo-tree.sources.buffers.commands')
097.269  036.101  005.556: require('plugins/configs/neo-tree')
098.669  000.310  000.310: require('nvim-treesitter.tsrange')
098.914  000.239  000.239: require('nvim-treesitter.caching')
098.955  001.024  000.476: require('nvim-treesitter.query')
098.977  001.619  000.595: require('nvim-treesitter.configs')
100.062  000.341  000.341: require('nvim-treesitter.info')
100.425  000.358  000.358: require('nvim-treesitter.shell_command_selectors')
100.466  001.467  000.769: require('nvim-treesitter.install')
101.514  004.240  001.153: require('plugins/configs/nvim-treesitter')
102.185  000.664  000.664: require('plugins/configs/telescope')
102.192  093.340  000.197: sourcing /usr/home/jack/.config/nvim/init.lua
102.206  002.035: sourcing vimrc file(s)
102.960  000.054  000.054: sourcing /usr/home/jack/.local/share/nvim/site/pack/packer/start/LuaSnip/ftdetect/snippets.vim
103.614  001.010  000.956: sourcing /usr/local/share/nvim/runtime/filetype.lua
103.809  000.142  000.142: sourcing /usr/local/share/nvim/runtime/filetype.vim
104.359  000.162  000.162: sourcing /usr/local/share/nvim/runtime/syntax/synload.vim
104.522  000.547  000.385: sourcing /usr/local/share/nvim/runtime/syntax/syntax.vim
105.226  000.050  000.050: require('vim.F')
106.324  000.237  000.237: sourcing /usr/local/share/nvim/runtime/plugin/gzip.vim
106.416  000.037  000.037: sourcing /usr/local/share/nvim/runtime/plugin/health.vim
107.319  000.286  000.286: sourcing /usr/local/share/nvim/runtime/pack/dist/opt/matchit/plugin/matchit.vim
107.507  001.060  000.773: sourcing /usr/local/share/nvim/runtime/plugin/matchit.vim
107.784  000.245  000.245: sourcing /usr/local/share/nvim/runtime/plugin/matchparen.vim
108.325  000.508  000.508: sourcing /usr/local/share/nvim/runtime/plugin/netrwPlugin.vim
108.684  000.036  000.036: sourcing /usr/home/jack/.local/share/nvim/rplugin.vim
108.701  000.326  000.290: sourcing /usr/local/share/nvim/runtime/plugin/rplugin.vim
108.866  000.116  000.116: sourcing /usr/local/share/nvim/runtime/plugin/shada.vim
108.984  000.058  000.058: sourcing /usr/local/share/nvim/runtime/plugin/spellfile.vim
109.210  000.182  000.182: sourcing /usr/local/share/nvim/runtime/plugin/tarPlugin.vim
109.392  000.134  000.134: sourcing /usr/local/share/nvim/runtime/plugin/tohtml.vim
109.470  000.042  000.042: sourcing /usr/local/share/nvim/runtime/plugin/tutor.vim
109.737  000.231  000.231: sourcing /usr/local/share/nvim/runtime/plugin/zipPlugin.vim
110.617  000.707  000.707: sourcing /usr/home/jack/.config/nvim/plugin/packer_compiled.lua
111.045  000.110  000.110: sourcing /usr/local/share/nvim/runtime/plugin/man.lua
111.071  003.123: loading rtp plugins
112.025  000.276  000.276: sourcing /usr/home/jack/.local/share/nvim/site/pack/packer/start/LuaSnip/plugin/luasnip.vim
112.798  000.146  000.146: sourcing /usr/home/jack/.local/share/nvim/site/pack/packer/start/neo-tree.nvim/plugin/neo-tree.vim
115.479  002.073  002.073: require('cmp.utils.api')
115.899  000.204  000.204: require('cmp.types.cmp')
116.476  000.324  000.324: require('cmp.utils.misc')
116.499  000.593  000.270: require('cmp.types.lsp')
116.679  000.176  000.176: require('cmp.types.vim')
116.685  001.200  000.227: require('cmp.types')
116.868  000.180  000.180: require('cmp.utils.highlight')
117.233  000.160  000.160: require('cmp.utils.debug')
117.246  000.372  000.212: require('cmp.utils.autocmd')
117.875  004.605  000.781: sourcing /usr/home/jack/.local/share/nvim/site/pack/packer/start/nvim-cmp/plugin/cmp.lua
118.182  000.067  000.067: sourcing /usr/home/jack/.local/share/nvim/site/pack/packer/start/nvim-colorizer.lua/plugin/colorizer.vim
119.206  000.218  000.218: require('nvim-treesitter.statusline')
119.513  000.301  000.301: require('nvim-treesitter.query_predicates')
119.519  000.773  000.254: require('nvim-treesitter')
120.150  001.475  000.702: sourcing /usr/home/jack/.local/share/nvim/site/pack/packer/start/nvim-treesitter/plugin/nvim-treesitter.lua
120.450  000.072  000.072: sourcing /usr/home/jack/.local/share/nvim/site/pack/packer/start/nvim-web-devicons/plugin/nvim-web-devicons.vim
120.883  000.059  000.059: sourcing /usr/home/jack/.local/share/nvim/site/pack/packer/start/plenary.nvim/plugin/plenary.vim
121.424  000.195  000.195: sourcing /usr/home/jack/.local/share/nvim/site/pack/packer/start/vim-commentary/plugin/commentary.vim
122.281  000.516  000.516: sourcing /usr/home/jack/.local/share/nvim/site/pack/packer/start/vim-surround/plugin/surround.vim
122.557  004.074: loading packages
123.532  000.225  000.225: require('cmp_nvim_lsp.source')
123.540  000.513  000.288: require('cmp_nvim_lsp')
123.580  000.611  000.098: sourcing /usr/home/jack/.local/share/nvim/site/pack/packer/start/cmp-nvim-lsp/after/plugin/cmp_nvim_lsp.lua
125.804  000.328  000.328: require('cmp.utils.char')
125.818  000.639  000.311: require('cmp.utils.str')
126.013  000.191  000.191: require('cmp.utils.pattern')
126.831  000.173  000.173: require('cmp.utils.buffer')
126.842  000.591  000.417: require('cmp.utils.keymap')
126.851  000.833  000.242: require('cmp.utils.feedkeys')
127.152  000.298  000.298: require('cmp.utils.async')
127.623  000.223  000.223: require('cmp.utils.cache')
127.632  000.474  000.251: require('cmp.context')
128.857  000.350  000.350: require('cmp.config.mapping')
129.499  000.385  000.385: require('cmp.config.compare')
129.506  000.641  000.256: require('cmp.config.default')
129.537  001.415  000.423: require('cmp.config')
130.579  000.371  000.371: require('cmp.matcher')
130.589  001.047  000.676: require('cmp.entry')
130.598  002.963  000.501: require('cmp.source')
131.149  000.187  000.187: require('cmp.utils.event')
131.870  000.428  000.428: require('cmp.utils.window')
131.877  000.722  000.294: require('cmp.view.docs_view')
132.498  000.619  000.619: require('cmp.view.custom_entries_view')
133.001  000.497  000.497: require('cmp.view.wildmenu_entries_view')
133.336  000.330  000.330: require('cmp.view.native_entries_view')
133.623  000.281  000.281: require('cmp.view.ghost_text_view')
133.644  003.044  000.409: require('cmp.view')
133.802  009.351  000.910: require('cmp.core')
134.226  000.171  000.171: require('cmp.config.sources')
134.413  000.180  000.180: require('cmp.config.window')
134.504  010.656  000.953: require('cmp')
137.995  001.211  001.211: require('vim.lsp.protocol')
138.747  000.743  000.743: require('vim.lsp._snippet')
139.114  000.360  000.360: require('vim.highlight')
139.151  004.304  001.989: require('vim.lsp.util')
139.159  004.650  000.346: require('cmp_luasnip')
139.220  015.441  000.135: sourcing /usr/home/jack/.local/share/nvim/site/pack/packer/start/cmp_luasnip/after/plugin/cmp_luasnip.lua
139.230  000.621: loading after plugins
139.248  000.018: inits 3
141.897  002.649: reading ShaDa
142.836  000.393  000.393: require('luasnip.loaders.util')
142.845  000.614  000.221: require('luasnip.loaders.from_lua')
143.544  000.176  000.176: require('luasnip.nodes.snippetProxy')
143.560  000.631  000.455: require('luasnip.loaders.from_snipmate')
144.137  000.433  000.433: require('luasnip.loaders.from_vscode')
144.284  000.708: opening buffers
144.618  000.108  000.108: sourcing /usr/local/share/nvim/runtime/syntax/nosyntax.vim
144.937  000.128  000.128: sourcing /usr/local/share/nvim/runtime/syntax/synload.vim
145.058  000.627  000.391: sourcing /usr/local/share/nvim/runtime/syntax/syntax.vim
145.426  000.515: BufEnter autocommands
145.433  000.007: editing files in windows
145.551  000.118: VimEnter autocommands
145.556  000.005: UIEnter autocommands
145.558  000.002: before starting main loop
146.060  000.503: first screen update
146.065  000.005: --- NVIM STARTED ---


times in msec
 clock   self+sourced   self:  sourced script
 clock   elapsed:              other lines

000.020  000.020: --- NVIM STARTING ---
000.224  000.204: event init
000.440  000.216: early init
000.651  000.211: locale set
000.747  000.096: init first window
001.281  000.534: inits 1
001.308  000.028: window checked
001.317  000.009: parsing arguments
002.537  000.474  000.474: require('vim.shared')
003.545  000.401  000.401: require('vim._meta')
003.551  001.007  000.606: require('vim._editor')
003.553  001.626  000.145: require('vim._init_packages')
003.559  000.616: init lua interpreter
004.164  000.605: expanding arguments
004.298  000.135: inits 2
004.747  000.448: init highlight
004.750  000.003: waiting for UI
005.837  001.087: done waiting for UI
005.874  000.037: init screen for UI
006.101  000.227: init default mappings
006.168  000.067: init default autocommands
007.741  000.104  000.104: sourcing /usr/local/share/nvim/runtime/ftplugin.vim
008.007  000.063  000.063: sourcing /usr/local/share/nvim/runtime/indent.vim
010.196  000.320  000.320: require('packer.util')
010.237  001.769  001.449: require('packer')
010.585  000.344  000.344: require('packer.log')
011.408  000.284  000.284: require('packer.async')
011.989  000.223  000.223: require('packer.result')
012.001  000.587  000.364: require('packer.jobs')
012.009  001.378  000.508: require('packer.plugin_utils')
012.406  000.368  000.368: require('packer.snapshot')
012.841  004.614  000.754: require('plugins')
013.124  000.268  000.268: require('settings/keymaps')
013.480  000.350  000.350: require('settings/options')
024.825  011.205  011.205: sourcing /usr/home/jack/.config/nvim/colors/gruvbox.vim
025.571  000.130  000.130: require('colorbuddy.execute')
025.703  000.127  000.127: require('colorbuddy.log')
025.941  000.230  000.230: require('colorbuddy.util')
026.693  000.313  000.313: require('colorbuddy.modifiers')
026.761  000.814  000.500: require('colorbuddy.color')
027.036  000.271  000.271: require('colorbuddy.style')
027.048  002.039  000.468: require('colorbuddy.group')
027.053  002.211  000.172: require('colorbuddy')
027.146  013.659  000.244: require('settings/styles')
028.859  000.088  000.088: require('luasnip.session')
029.436  000.571  000.571: require('luasnip.util.util')
029.549  000.108  000.108: require('luasnip.util.types')
029.907  000.169  000.169: require('luasnip.util.ext_opts')
029.914  000.359  000.190: require('luasnip.nodes.util')
030.005  000.087  000.087: require('luasnip.util.events')
030.023  001.515  000.301: require('luasnip.nodes.node')
030.529  000.154  000.154: require('luasnip.util.extend_decorator')
030.540  000.513  000.359: require('luasnip.nodes.insertNode')
030.682  000.139  000.139: require('luasnip.nodes.textNode')
030.906  000.217  000.217: require('luasnip.util.mark')
032.014  000.880  000.880: require('luasnip.util._builtin_vars')
032.429  000.405  000.405: require('vim.inspect')
032.593  001.681  000.396: require('luasnip.util.environ')
032.800  000.200  000.200: require('luasnip.util.pattern_tokenizer')
032.935  000.129  000.129: require('luasnip.util.dict')
033.302  000.361  000.361: require('luasnip.session.snippet_collection')
033.471  005.705  000.950: require('luasnip.nodes.snippet')
033.796  000.106  000.106: require('luasnip.loaders._caches')
034.059  000.252  000.252: require('luasnip.util.path')
034.088  000.608  000.250: require('luasnip.loaders')
034.377  000.253  000.253: require('luasnip.nodes.functionNode')
034.967  000.583  000.583: require('luasnip.nodes.choiceNode')
035.316  000.342  000.342: require('luasnip.nodes.dynamicNode')
035.562  000.241  000.241: require('luasnip.nodes.restoreNode')
036.237  000.179  000.179: require('luasnip.util.parser.neovim_ast')
037.075  000.144  000.144: require('luasnip.util.directed_graph')
037.086  001.355  001.032: require('luasnip.util.parser.ast_utils')
037.475  000.102  000.102: require('luasnip.util.functions')
037.485  000.396  000.293: require('luasnip.util.parser.ast_parser')
037.828  000.340  000.340: require('luasnip.util.parser.neovim_parser')
037.976  000.142  000.142: require('luasnip.util.str')
037.985  002.416  000.184: require('luasnip.util.parser')
040.511  000.219  000.219: require('vim.treesitter.language')
040.576  001.046  000.827: require('vim.treesitter.query')
041.154  000.571  000.571: require('vim.treesitter.languagetree')
041.205  002.102  000.485: require('vim.treesitter')
041.458  003.133  001.031: require('nvim-treesitter.parsers')
042.383  000.363  000.363: require('nvim-treesitter.utils')
042.394  000.929  000.566: require('nvim-treesitter.ts_utils')
042.399  004.195  000.133: require('luasnip.extras.filetype_functions')
042.685  000.256  000.256: require('luasnip.extras')
042.925  000.233  000.233: require('luasnip.extras.fmt')
043.236  000.140  000.140: require('luasnip.extras.conditions')
043.324  000.082  000.082: require('luasnip.extras.conditions.show')
043.333  000.325  000.103: require('luasnip.extras.conditions.expand')
043.336  000.406  000.081: require('luasnip.extras.expand_conditions')
043.447  000.107  000.107: require('luasnip.nodes.absolute_indexer')
044.260  006.272  001.075: require('luasnip.config')
044.270  017.012  000.591: require('luasnip')
045.593  018.440  001.428: require('snippets')
047.397  000.409  000.409: require('colorizer/nvim')
047.730  000.029  000.029: require('ffi')
047.913  000.509  000.480: require('colorizer/trie')
048.205  002.521  001.603: require('colorizer')
051.372  005.772  003.251: require('plugins/configs/colorizer')
052.322  000.221  000.221: require('lualine_require')
052.752  001.232  001.012: require('lualine')
056.728  000.161  000.161: require('lualine.utils.mode')
060.856  009.477  008.084: require('plugins/configs/lualine')
062.588  000.407  000.407: require('neo-tree.log')
062.623  001.202  000.795: require('neo-tree.utils')
064.323  000.318  000.318: require('nui.object')
065.006  000.082  000.082: require('vim.keymap')
065.019  000.465  000.383: require('nui.utils')
065.033  000.704  000.239: require('nui.text')
065.093  001.302  000.280: require('nui.line')
065.831  000.191  000.191: require('nui.tree.util')
065.850  000.751  000.560: require('nui.tree')
066.422  000.153  000.153: require('nui.utils.buf_storage')
066.843  000.417  000.417: require('nui.utils.autocmd')
067.132  000.283  000.283: require('nui.utils.keymap')
067.716  000.290  000.290: require('nui.layout.utils')
067.723  000.586  000.296: require('nui.split.utils')
067.749  001.896  000.457: require('nui.split')
068.915  000.708  000.708: require('nui.popup.border')
069.000  001.247  000.539: require('nui.popup')
069.441  000.434  000.434: require('neo-tree.ui.highlights')
070.009  000.311  000.311: require('nui.input')
070.017  000.570  000.259: require('neo-tree.ui.popups')
070.640  000.370  000.370: require('neo-tree.events.queue')
070.649  000.628  000.259: require('neo-tree.events')
070.675  008.048  001.220: require('neo-tree.ui.renderer')
073.356  000.297  000.297: require('plenary.functional')
073.392  001.252  000.955: require('plenary.job')
073.405  001.557  000.305: require('neo-tree.sources.filesystem.lib.filter_external')
074.759  000.733  000.733: require('plenary.iterators')
075.978  000.407  000.407: require('plenary.bit')
076.012  001.247  000.839: require('plenary.path')
076.018  002.168  000.189: require('neo-tree.sources.common.file-nesting')
076.674  000.140  000.140: require('neo-tree.git.utils')
076.681  000.504  000.364: require('neo-tree.git.status')
076.902  000.218  000.218: require('neo-tree.git.ignored')
076.908  000.878  000.156: require('neo-tree.git')
076.913  003.504  000.458: require('neo-tree.sources.common.file-items')
077.158  000.242  000.242: require('neo-tree.sources.filesystem.lib.fs_watch')
077.167  005.768  000.465: require('neo-tree.sources.filesystem.lib.fs_scan')
077.349  000.180  000.180: require('neo-tree.ui.inputs')
077.365  006.686  000.739: require('neo-tree.sources.manager')
078.216  000.328  000.328: require('neo-tree.defaults')
078.414  000.192  000.192: require('neo-tree.setup.mapping-helper')
079.144  000.270  000.270: require('neo-tree.command.parser')
079.371  000.221  000.221: require('neo-tree.command.completion')
079.378  000.753  000.262: require('neo-tree.command')
079.382  000.961  000.208: require('neo-tree.setup.netrw')
079.387  002.019  000.537: require('neo-tree.setup')
079.395  018.327  000.372: require('neo-tree')
079.940  000.216  000.216: require('neo-tree.setup.deprecations')
081.933  000.222  000.222: require('neo-tree.sources.filesystem.lib.globtopattern')
081.943  000.661  000.439: require('neo-tree.sources.filesystem')
082.407  000.198  000.198: require('neo-tree.sources.buffers.lib.items')
082.415  000.463  000.265: require('neo-tree.sources.buffers')
082.761  000.160  000.160: require('neo-tree.sources.git_status.lib.items')
082.769  000.346  000.186: require('neo-tree.sources.git_status')
083.834  000.338  000.338: require('neo-tree.sources.common.container')
083.842  000.754  000.416: require('neo-tree.sources.common.components')
083.911  000.998  000.244: require('neo-tree.sources.git_status.components')
086.380  001.193  001.193: require('plenary.scandir')
086.785  000.194  000.194: require('plenary.reload')
087.006  000.619  000.426: require('plenary')
088.159  000.361  000.361: require('plenary.bit')
088.381  000.216  000.216: require('plenary.functional')
088.406  001.393  000.816: require('plenary.path')
088.415  003.724  000.519: require('neo-tree.sources.filesystem.lib.fs_actions')
088.621  000.202  000.202: require('neo-tree.sources.common.help')
089.092  000.466  000.466: require('neo-tree.sources.common.preview')
089.116  005.033  000.640: require('neo-tree.sources.common.commands')
089.132  005.214  000.182: require('neo-tree.sources.git_status.commands')
089.801  000.184  000.184: require('neo-tree.sources.buffers.components')
090.099  000.291  000.291: require('neo-tree.sources.buffers.commands')
090.535  000.182  000.182: require('neo-tree.sources.filesystem.components')
091.194  000.330  000.330: require('neo-tree.sources.filesystem.lib.filter')
091.233  000.692  000.362: require('neo-tree.sources.filesystem.commands')
093.700  032.838  005.264: require('plugins/configs/neo-tree')
095.175  000.359  000.359: require('nvim-treesitter.tsrange')
095.376  000.196  000.196: require('nvim-treesitter.caching')
095.394  001.015  000.460: require('nvim-treesitter.query')
095.411  001.625  000.610: require('nvim-treesitter.configs')
096.448  000.297  000.297: require('nvim-treesitter.info')
096.809  000.355  000.355: require('nvim-treesitter.shell_command_selectors')
096.845  001.414  000.762: require('nvim-treesitter.install')
097.653  003.947  000.908: require('plugins/configs/nvim-treesitter')
098.034  000.375  000.375: require('plugins/configs/telescope')
098.040  089.897  000.157: sourcing /usr/home/jack/.config/nvim/init.lua
098.051  001.820: sourcing vimrc file(s)
098.736  000.052  000.052: sourcing /usr/home/jack/.local/share/nvim/site/pack/packer/start/LuaSnip/ftdetect/snippets.vim
099.303  000.889  000.837: sourcing /usr/local/share/nvim/runtime/filetype.lua
099.455  000.101  000.101: sourcing /usr/local/share/nvim/runtime/filetype.vim
099.941  000.160  000.160: sourcing /usr/local/share/nvim/runtime/syntax/synload.vim
100.091  000.542  000.382: sourcing /usr/local/share/nvim/runtime/syntax/syntax.vim
100.778  000.042  000.042: require('vim.F')
101.862  000.234  000.234: sourcing /usr/local/share/nvim/runtime/plugin/gzip.vim
101.935  000.035  000.035: sourcing /usr/local/share/nvim/runtime/plugin/health.vim
102.815  000.280  000.280: sourcing /usr/local/share/nvim/runtime/pack/dist/opt/matchit/plugin/matchit.vim
103.024  001.059  000.779: sourcing /usr/local/share/nvim/runtime/plugin/matchit.vim
103.301  000.247  000.247: sourcing /usr/local/share/nvim/runtime/plugin/matchparen.vim
103.824  000.490  000.490: sourcing /usr/local/share/nvim/runtime/plugin/netrwPlugin.vim
104.155  000.037  000.037: sourcing /usr/home/jack/.local/share/nvim/rplugin.vim
104.172  000.302  000.265: sourcing /usr/local/share/nvim/runtime/plugin/rplugin.vim
104.312  000.107  000.107: sourcing /usr/local/share/nvim/runtime/plugin/shada.vim
104.426  000.058  000.058: sourcing /usr/local/share/nvim/runtime/plugin/spellfile.vim
104.653  000.183  000.183: sourcing /usr/local/share/nvim/runtime/plugin/tarPlugin.vim
104.836  000.136  000.136: sourcing /usr/local/share/nvim/runtime/plugin/tohtml.vim
104.913  000.041  000.041: sourcing /usr/local/share/nvim/runtime/plugin/tutor.vim
105.175  000.227  000.227: sourcing /usr/local/share/nvim/runtime/plugin/zipPlugin.vim
106.036  000.692  000.692: sourcing /usr/home/jack/.config/nvim/plugin/packer_compiled.lua
106.484  000.124  000.124: sourcing /usr/local/share/nvim/runtime/plugin/man.lua
106.509  002.951: loading rtp plugins
107.437  000.281  000.281: sourcing /usr/home/jack/.local/share/nvim/site/pack/packer/start/LuaSnip/plugin/luasnip.vim
108.179  000.159  000.159: sourcing /usr/home/jack/.local/share/nvim/site/pack/packer/start/neo-tree.nvim/plugin/neo-tree.vim
110.884  002.070  002.070: require('cmp.utils.api')
111.229  000.186  000.186: require('cmp.types.cmp')
111.828  000.325  000.325: require('cmp.utils.misc')
111.846  000.610  000.285: require('cmp.types.lsp')
111.982  000.132  000.132: require('cmp.types.vim')
111.987  001.097  000.168: require('cmp.types')
112.205  000.215  000.215: require('cmp.utils.highlight')
112.540  000.145  000.145: require('cmp.utils.debug')
112.553  000.342  000.198: require('cmp.utils.autocmd')
113.189  004.541  000.817: sourcing /usr/home/jack/.local/share/nvim/site/pack/packer/start/nvim-cmp/plugin/cmp.lua
113.485  000.070  000.070: sourcing /usr/home/jack/.local/share/nvim/site/pack/packer/start/nvim-colorizer.lua/plugin/colorizer.vim
114.383  000.199  000.199: require('nvim-treesitter.statusline')
114.689  000.301  000.301: require('nvim-treesitter.query_predicates')
114.696  000.710  000.210: require('nvim-treesitter')
115.485  001.571  000.861: sourcing /usr/home/jack/.local/share/nvim/site/pack/packer/start/nvim-treesitter/plugin/nvim-treesitter.lua
115.789  000.070  000.070: sourcing /usr/home/jack/.local/share/nvim/site/pack/packer/start/nvim-web-devicons/plugin/nvim-web-devicons.vim
116.236  000.060  000.060: sourcing /usr/home/jack/.local/share/nvim/site/pack/packer/start/plenary.nvim/plugin/plenary.vim
116.788  000.197  000.197: sourcing /usr/home/jack/.local/share/nvim/site/pack/packer/start/vim-commentary/plugin/commentary.vim
117.648  000.514  000.514: sourcing /usr/home/jack/.local/share/nvim/site/pack/packer/start/vim-surround/plugin/surround.vim
117.928  003.955: loading packages
118.772  000.182  000.182: require('cmp_nvim_lsp.source')
118.779  000.373  000.191: require('cmp_nvim_lsp')
118.807  000.455  000.082: sourcing /usr/home/jack/.local/share/nvim/site/pack/packer/start/cmp-nvim-lsp/after/plugin/cmp_nvim_lsp.lua
120.991  000.364  000.364: require('cmp.utils.char')
121.030  000.686  000.323: require('cmp.utils.str')
121.216  000.180  000.180: require('cmp.utils.pattern')
121.994  000.152  000.152: require('cmp.utils.buffer')
122.006  000.551  000.398: require('cmp.utils.keymap')
122.019  000.797  000.247: require('cmp.utils.feedkeys')
122.308  000.285  000.285: require('cmp.utils.async')
122.723  000.175  000.175: require('cmp.utils.cache')
122.732  000.418  000.243: require('cmp.context')
123.854  000.289  000.289: require('cmp.config.mapping')
124.487  000.386  000.386: require('cmp.config.compare')
124.493  000.632  000.246: require('cmp.config.default')
124.527  001.309  000.388: require('cmp.config')
125.541  000.356  000.356: require('cmp.matcher')
125.551  001.020  000.663: require('cmp.entry')
125.560  002.825  000.497: require('cmp.source')
126.100  000.168  000.168: require('cmp.utils.event')
126.863  000.468  000.468: require('cmp.utils.window')
126.870  000.756  000.288: require('cmp.view.docs_view')
127.514  000.641  000.641: require('cmp.view.custom_entries_view')
127.940  000.421  000.421: require('cmp.view.wildmenu_entries_view')
128.281  000.335  000.335: require('cmp.view.native_entries_view')
128.540  000.253  000.253: require('cmp.view.ghost_text_view')
128.555  002.993  000.418: require('cmp.view')
128.625  009.073  000.888: require('cmp.core')
129.174  000.228  000.228: require('cmp.config.sources')
129.334  000.153  000.153: require('cmp.config.window')
129.440  010.338  000.885: require('cmp')
132.825  001.141  001.141: require('vim.lsp.protocol')
133.562  000.728  000.728: require('vim.lsp._snippet')
133.917  000.348  000.348: require('vim.highlight')
133.950  004.220  002.003: require('vim.lsp.util')
133.957  004.512  000.292: require('cmp_luasnip')
134.084  015.037  000.187: sourcing /usr/home/jack/.local/share/nvim/site/pack/packer/start/cmp_luasnip/after/plugin/cmp_luasnip.lua
134.096  000.676: loading after plugins
134.121  000.025: inits 3
137.053  002.932: reading ShaDa
137.826  000.251  000.251: require('luasnip.loaders.util')
137.835  000.481  000.229: require('luasnip.loaders.from_lua')
138.348  000.160  000.160: require('luasnip.nodes.snippetProxy')
138.364  000.482  000.322: require('luasnip.loaders.from_snipmate')
138.783  000.316  000.316: require('luasnip.loaders.from_vscode')
138.832  000.500: opening buffers
139.213  000.175  000.175: sourcing /usr/local/share/nvim/runtime/syntax/nosyntax.vim
139.538  000.132  000.132: sourcing /usr/local/share/nvim/runtime/syntax/synload.vim
139.662  000.707  000.400: sourcing /usr/local/share/nvim/runtime/syntax/syntax.vim
140.135  000.596: BufEnter autocommands
140.141  000.007: editing files in windows
140.257  000.116: VimEnter autocommands
140.262  000.004: UIEnter autocommands
140.264  000.002: before starting main loop
141.007  000.744: first screen update
141.013  000.005: --- NVIM STARTED ---


times in msec
 clock   self+sourced   self:  sourced script
 clock   elapsed:              other lines

000.019  000.019: --- NVIM STARTING ---
000.193  000.173: event init
000.331  000.138: early init
000.535  000.204: locale set
000.611  000.076: init first window
001.144  000.533: inits 1
001.174  000.030: window checked
001.181  000.007: parsing arguments
002.407  000.476  000.476: require('vim.shared')
003.419  000.411  000.411: require('vim._meta')
003.425  001.011  000.600: require('vim._editor')
003.427  001.651  000.164: require('vim._init_packages')
003.433  000.601: init lua interpreter
004.018  000.585: expanding arguments
004.163  000.145: inits 2
004.570  000.407: init highlight
004.573  000.003: waiting for UI
005.813  001.240: done waiting for UI
005.844  000.030: init screen for UI
006.111  000.268: init default mappings
006.153  000.041: init default autocommands
007.730  000.134  000.134: sourcing /usr/local/share/nvim/runtime/ftplugin.vim
007.954  000.063  000.063: sourcing /usr/local/share/nvim/runtime/indent.vim
010.024  000.285  000.285: require('packer.util')
010.062  001.661  001.376: require('packer')
010.413  000.347  000.347: require('packer.log')
011.201  000.270  000.270: require('packer.async')
011.728  000.190  000.190: require('packer.result')
011.735  000.528  000.337: require('packer.jobs')
011.743  001.282  000.485: require('packer.plugin_utils')
012.172  000.400  000.400: require('packer.snapshot')
012.643  004.497  000.807: require('plugins')
012.918  000.268  000.268: require('settings/keymaps')
013.375  000.451  000.451: require('settings/options')
024.695  011.186  011.186: sourcing /usr/home/jack/.config/nvim/colors/gruvbox.vim
025.335  000.103  000.103: require('colorbuddy.execute')
025.487  000.146  000.146: require('colorbuddy.log')
025.696  000.203  000.203: require('colorbuddy.util')
026.442  000.247  000.247: require('colorbuddy.modifiers')
026.483  000.780  000.534: require('colorbuddy.color')
026.641  000.154  000.154: require('colorbuddy.style')
026.678  001.830  000.444: require('colorbuddy.group')
026.684  001.972  000.142: require('colorbuddy')
026.762  013.380  000.223: require('settings/styles')
027.834  000.310  000.310: require('colorizer/nvim')
028.112  000.018  000.018: require('ffi')
028.289  000.449  000.431: require('colorizer/trie')
028.640  001.799  001.040: require('colorizer')
030.705  003.936  002.137: require('plugins/configs/colorizer')
031.788  000.218  000.218: require('lualine_require')
032.411  001.530  001.312: require('lualine')
036.479  000.120  000.120: require('lualine.utils.mode')
040.352  009.637  007.987: require('plugins/configs/lualine')
041.883  000.342  000.342: require('neo-tree.log')
041.923  001.107  000.765: require('neo-tree.utils')
043.569  000.312  000.312: require('nui.object')
044.234  000.092  000.092: require('vim.keymap')
044.248  000.471  000.379: require('nui.utils')
044.317  000.742  000.271: require('nui.text')
044.339  001.309  000.255: require('nui.line')
045.012  000.166  000.166: require('nui.tree.util')
045.031  000.689  000.523: require('nui.tree')
045.599  000.143  000.143: require('nui.utils.buf_storage')
046.028  000.423  000.423: require('nui.utils.autocmd')
046.273  000.239  000.239: require('nui.utils.keymap')
046.776  000.260  000.260: require('nui.layout.utils')
046.789  000.511  000.251: require('nui.split.utils')
046.814  001.779  000.463: require('nui.split')
047.875  000.640  000.640: require('nui.popup.border')
047.934  001.116  000.477: require('nui.popup')
048.485  000.547  000.547: require('neo-tree.ui.highlights')
049.208  000.371  000.371: require('nui.input')
049.217  000.725  000.354: require('neo-tree.ui.popups')
049.695  000.283  000.283: require('neo-tree.events.queue')
049.702  000.482  000.200: require('neo-tree.events')
049.720  007.792  001.144: require('neo-tree.ui.renderer')
051.635  000.193  000.193: require('plenary.functional')
051.647  000.783  000.590: require('plenary.job')
051.652  001.013  000.230: require('neo-tree.sources.filesystem.lib.filter_external')
052.566  000.547  000.547: require('plenary.iterators')
053.669  000.349  000.349: require('plenary.bit')
053.701  001.129  000.780: require('plenary.path')
053.707  001.815  000.139: require('neo-tree.sources.common.file-nesting')
054.277  000.117  000.117: require('neo-tree.git.utils')
054.284  000.462  000.345: require('neo-tree.git.status')
054.466  000.180  000.180: require('neo-tree.git.ignored')
054.472  000.762  000.120: require('neo-tree.git')
054.477  002.821  000.245: require('neo-tree.sources.common.file-items')
054.680  000.201  000.201: require('neo-tree.sources.filesystem.lib.fs_watch')
054.689  004.422  000.388: require('neo-tree.sources.filesystem.lib.fs_scan')
054.845  000.153  000.153: require('neo-tree.ui.inputs')
054.860  005.137  000.562: require('neo-tree.sources.manager')
055.642  000.310  000.310: require('neo-tree.defaults')
055.910  000.262  000.262: require('neo-tree.setup.mapping-helper')
056.598  000.228  000.228: require('neo-tree.command.parser')
056.824  000.220  000.220: require('neo-tree.command.completion')
056.831  000.707  000.259: require('neo-tree.command')
056.835  000.916  000.209: require('neo-tree.setup.netrw')
056.840  001.977  000.489: require('neo-tree.setup')
056.847  016.310  000.298: require('neo-tree')
058.086  000.230  000.230: require('neo-tree.setup.deprecations')
060.241  000.210  000.210: require('neo-tree.sources.filesystem.lib.globtopattern')
060.251  000.675  000.465: require('neo-tree.sources.filesystem')
060.690  000.189  000.189: require('neo-tree.sources.buffers.lib.items')
060.698  000.438  000.248: require('neo-tree.sources.buffers')
061.025  000.144  000.144: require('neo-tree.sources.git_status.lib.items')
061.032  000.326  000.182: require('neo-tree.sources.git_status')
061.332  000.294  000.294: require('vim.inspect')
062.317  000.340  000.340: require('neo-tree.sources.common.container')
062.325  000.752  000.412: require('neo-tree.sources.common.components')
062.439  001.018  000.266: require('neo-tree.sources.filesystem.components')
065.031  001.051  001.051: require('plenary.scandir')
065.421  000.183  000.183: require('plenary.reload')
065.673  000.635  000.452: require('plenary')
066.993  000.388  000.388: require('plenary.bit')
067.253  000.253  000.253: require('plenary.functional')
067.333  001.651  001.011: require('plenary.path')
067.345  003.948  000.610: require('neo-tree.sources.filesystem.lib.fs_actions')
067.575  000.225  000.225: require('neo-tree.sources.common.help')
068.060  000.480  000.480: require('neo-tree.sources.common.preview')
068.087  005.305  000.653: require('neo-tree.sources.common.commands')
068.417  000.327  000.327: require('neo-tree.sources.filesystem.lib.filter')
068.438  005.991  000.359: require('neo-tree.sources.filesystem.commands')
069.187  000.191  000.191: require('neo-tree.sources.git_status.components')
069.466  000.272  000.272: require('neo-tree.sources.git_status.commands')
070.188  000.204  000.204: require('neo-tree.sources.buffers.components')
070.454  000.258  000.258: require('neo-tree.sources.buffers.commands')
073.391  033.032  006.826: require('plugins/configs/neo-tree')
075.889  000.228  000.228: require('vim.treesitter.language')
075.938  001.270  001.042: require('vim.treesitter.query')
078.419  000.496  000.496: require('vim.treesitter.languagetree')
078.485  000.919  000.423: require('vim.treesitter')
078.668  001.845  000.926: require('nvim-treesitter.parsers')
078.952  000.279  000.279: require('nvim-treesitter.utils')
078.963  002.632  000.509: require('nvim-treesitter.ts_utils')
078.971  003.027  000.395: require('nvim-treesitter.tsrange')
079.136  000.161  000.161: require('nvim-treesitter.caching')
079.151  005.062  000.603: require('nvim-treesitter.query')
079.167  005.674  000.612: require('nvim-treesitter.configs')
080.082  000.259  000.259: require('nvim-treesitter.info')
080.399  000.311  000.311: require('nvim-treesitter.shell_command_selectors')
080.429  001.232  000.662: require('nvim-treesitter.install')
081.075  007.677  000.771: require('plugins/configs/nvim-treesitter')
081.431  000.349  000.349: require('plugins/configs/telescope')
081.437  073.386  000.156: sourcing /usr/home/jack/.config/nvim/init.lua
081.449  001.713: sourcing vimrc file(s)
082.255  000.521  000.521: sourcing /usr/local/share/nvim/runtime/filetype.lua
082.424  000.120  000.120: sourcing /usr/local/share/nvim/runtime/filetype.vim
082.826  000.140  000.140: sourcing /usr/local/share/nvim/runtime/syntax/synload.vim
083.008  000.521  000.381: sourcing /usr/local/share/nvim/runtime/syntax/syntax.vim
083.184  000.036  000.036: require('vim.F')
084.669  000.253  000.253: sourcing /usr/local/share/nvim/runtime/plugin/gzip.vim
084.737  000.035  000.035: sourcing /usr/local/share/nvim/runtime/plugin/health.vim
085.615  000.280  000.280: sourcing /usr/local/share/nvim/runtime/pack/dist/opt/matchit/plugin/matchit.vim
085.813  001.046  000.766: sourcing /usr/local/share/nvim/runtime/plugin/matchit.vim
086.099  000.256  000.256: sourcing /usr/local/share/nvim/runtime/plugin/matchparen.vim
086.653  000.512  000.512: sourcing /usr/local/share/nvim/runtime/plugin/netrwPlugin.vim
087.017  000.039  000.039: sourcing /usr/home/jack/.local/share/nvim/rplugin.vim
087.035  000.336  000.296: sourcing /usr/local/share/nvim/runtime/plugin/rplugin.vim
087.201  000.134  000.134: sourcing /usr/local/share/nvim/runtime/plugin/shada.vim
087.306  000.048  000.048: sourcing /usr/local/share/nvim/runtime/plugin/spellfile.vim
087.534  000.191  000.191: sourcing /usr/local/share/nvim/runtime/plugin/tarPlugin.vim
087.706  000.134  000.134: sourcing /usr/local/share/nvim/runtime/plugin/tohtml.vim
087.783  000.041  000.041: sourcing /usr/local/share/nvim/runtime/plugin/tutor.vim
088.056  000.238  000.238: sourcing /usr/local/share/nvim/runtime/plugin/zipPlugin.vim
089.028  000.776  000.776: sourcing /usr/home/jack/.config/nvim/plugin/packer_compiled.lua
089.474  000.110  000.110: sourcing /usr/local/share/nvim/runtime/plugin/man.lua
089.501  002.745: loading rtp plugins
090.400  000.148  000.148: sourcing /usr/home/jack/.local/share/nvim/site/pack/packer/start/neo-tree.nvim/plugin/neo-tree.vim
090.864  000.063  000.063: sourcing /usr/home/jack/.local/share/nvim/site/pack/packer/start/nvim-colorizer.lua/plugin/colorizer.vim
093.003  000.163  000.163: require('nvim-treesitter.statusline')
093.275  000.267  000.267: require('nvim-treesitter.query_predicates')
093.282  001.886  001.456: require('nvim-treesitter')
094.022  002.693  000.807: sourcing /usr/home/jack/.local/share/nvim/site/pack/packer/start/nvim-treesitter/plugin/nvim-treesitter.lua
094.346  000.072  000.072: sourcing /usr/home/jack/.local/share/nvim/site/pack/packer/start/nvim-web-devicons/plugin/nvim-web-devicons.vim
094.774  000.060  000.060: sourcing /usr/home/jack/.local/share/nvim/site/pack/packer/start/plenary.nvim/plugin/plenary.vim
095.343  000.203  000.203: sourcing /usr/home/jack/.local/share/nvim/site/pack/packer/start/vim-commentary/plugin/commentary.vim
096.214  000.554  000.554: sourcing /usr/home/jack/.local/share/nvim/site/pack/packer/start/vim-surround/plugin/surround.vim
096.512  003.220: loading packages
096.517  000.005: loading after plugins
096.535  000.018: inits 3
099.311  002.776: reading ShaDa
099.617  000.305: opening buffers
099.886  000.098  000.098: sourcing /usr/local/share/nvim/runtime/syntax/nosyntax.vim
100.192  000.141  000.141: sourcing /usr/local/share/nvim/runtime/syntax/synload.vim
100.330  000.623  000.384: sourcing /usr/local/share/nvim/runtime/syntax/syntax.vim
100.629  000.390: BufEnter autocommands
100.636  000.007: editing files in windows
100.754  000.118: VimEnter autocommands
100.758  000.005: UIEnter autocommands
100.760  000.002: before starting main loop
101.406  000.645: first screen update
101.410  000.005: --- NVIM STARTED ---


times in msec
 clock   self+sourced   self:  sourced script
 clock   elapsed:              other lines

000.035  000.035: --- NVIM STARTING ---
000.340  000.305: event init
000.664  000.324: early init
001.010  000.346: locale set
001.148  000.139: init first window
002.088  000.939: inits 1
002.140  000.052: window checked
002.154  000.014: parsing arguments
004.578  001.055  001.055: require('vim.shared')
006.796  000.887  000.887: require('vim._meta')
006.807  002.215  001.328: require('vim._editor')
006.812  003.541  000.271: require('vim._init_packages')
006.823  001.128: init lua interpreter
007.921  001.098: expanding arguments
008.116  000.195: inits 2
008.962  000.846: init highlight
008.969  000.008: waiting for UI
011.001  002.032: done waiting for UI
011.064  000.063: init screen for UI
011.682  000.618: init default mappings
011.740  000.059: init default autocommands
014.562  000.187  000.187: sourcing /usr/local/share/nvim/runtime/ftplugin.vim
015.058  000.131  000.131: sourcing /usr/local/share/nvim/runtime/indent.vim
019.108  000.610  000.610: require('packer.util')
019.185  003.274  002.664: require('packer')
019.916  000.722  000.722: require('packer.log')
021.468  000.525  000.525: require('packer.async')
022.591  000.388  000.388: require('packer.result')
022.606  001.126  000.738: require('packer.jobs')
022.643  002.640  000.989: require('packer.plugin_utils')
023.402  000.699  000.699: require('packer.snapshot')
024.295  008.934  001.600: require('plugins')
024.886  000.574  000.574: require('settings/keymaps')
025.628  000.730  000.730: require('settings/options')
049.529  023.611  023.611: sourcing /usr/home/jack/.config/nvim/colors/gruvbox.vim
050.820  000.203  000.203: require('colorbuddy.execute')
051.070  000.211  000.211: require('colorbuddy.log')
051.524  000.443  000.443: require('colorbuddy.util')
053.024  000.509  000.509: require('colorbuddy.modifiers')
053.104  001.569  001.060: require('colorbuddy.color')
053.429  000.317  000.317: require('colorbuddy.style')
053.455  003.608  000.866: require('colorbuddy.group')
053.465  003.901  000.293: require('colorbuddy')
053.622  027.979  000.467: require('settings/styles')
055.894  000.681  000.681: require('colorizer/nvim')
056.490  000.035  000.035: require('ffi')
056.905  000.997  000.962: require('colorizer/trie')
057.385  003.557  001.879: require('colorizer')
062.141  008.507  004.950: require('plugins/configs/colorizer')
064.145  000.397  000.397: require('lualine_require')
065.273  002.813  002.416: require('lualine')
073.022  000.308  000.308: require('lualine.utils.mode')
082.702  020.546  017.425: require('plugins/configs/lualine')
085.794  000.674  000.674: require('neo-tree.log')
085.884  002.209  001.535: require('neo-tree.utils')
088.766  000.470  000.470: require('nui.object')
089.992  000.166  000.166: require('vim.keymap')
090.018  000.848  000.682: require('nui.utils')
090.052  001.273  000.424: require('nui.text')
090.156  002.211  000.468: require('nui.line')
091.550  000.327  000.327: require('nui.tree.util')
091.601  001.431  001.104: require('nui.tree')
092.706  000.280  000.280: require('nui.utils.buf_storage')
093.583  000.866  000.866: require('nui.utils.autocmd')
094.082  000.486  000.486: require('nui.utils.keymap')
095.159  000.558  000.558: require('nui.layout.utils')
095.184  001.092  000.534: require('nui.split.utils')
095.231  003.623  000.900: require('nui.split')
097.649  001.496  001.496: require('nui.popup.border')
097.796  002.558  001.061: require('nui.popup')
098.672  000.863  000.863: require('neo-tree.ui.highlights')
099.746  000.541  000.541: require('nui.input')
099.762  001.077  000.536: require('neo-tree.ui.popups')
100.988  000.783  000.783: require('neo-tree.events.queue')
101.004  001.236  000.453: require('neo-tree.events')
101.055  015.160  002.161: require('neo-tree.ui.renderer')
106.032  000.468  000.468: require('plenary.functional')
106.058  001.638  001.170: require('plenary.job')
106.068  002.100  000.462: require('neo-tree.sources.filesystem.lib.filter_external')
107.982  001.107  001.107: require('plenary.iterators')
110.357  000.738  000.738: require('plenary.bit')
110.434  002.441  001.702: require('plenary.path')
110.446  003.856  000.308: require('neo-tree.sources.common.file-nesting')
111.614  000.234  000.234: require('neo-tree.git.utils')
111.628  000.956  000.722: require('neo-tree.git.status')
112.027  000.393  000.393: require('neo-tree.git.ignored')
112.040  001.586  000.238: require('neo-tree.git')
112.050  005.976  000.534: require('neo-tree.sources.common.file-items')
112.481  000.425  000.425: require('neo-tree.sources.filesystem.lib.fs_watch')
112.498  009.522  001.021: require('neo-tree.sources.filesystem.lib.fs_scan')
112.820  000.315  000.315: require('neo-tree.ui.inputs')
112.871  011.807  001.970: require('neo-tree.sources.manager')
114.500  000.628  000.628: require('neo-tree.defaults')
114.872  000.359  000.359: require('neo-tree.setup.mapping-helper')
116.503  000.627  000.627: require('neo-tree.command.parser')
117.019  000.502  000.502: require('neo-tree.command.completion')
117.033  001.784  000.654: require('neo-tree.command')
117.042  002.156  000.372: require('neo-tree.setup.netrw')
117.052  004.175  001.033: require('neo-tree.setup')
117.067  033.970  000.619: require('neo-tree')
119.077  000.462  000.462: require('neo-tree.setup.deprecations')
123.413  000.410  000.410: require('neo-tree.sources.filesystem.lib.globtopattern')
123.433  001.411  001.000: require('neo-tree.sources.filesystem')
124.339  000.372  000.372: require('neo-tree.sources.buffers.lib.items')
124.357  000.905  000.533: require('neo-tree.sources.buffers')
125.072  000.314  000.314: require('neo-tree.sources.git_status.lib.items')
125.088  000.714  000.400: require('neo-tree.sources.git_status')
125.933  000.834  000.834: require('vim.inspect')
128.002  000.724  000.724: require('neo-tree.sources.common.container')
128.021  001.594  000.870: require('neo-tree.sources.common.components')
128.138  002.019  000.425: require('neo-tree.sources.filesystem.components')
132.989  001.844  001.844: require('plenary.scandir')
133.712  000.352  000.352: require('plenary.reload')
134.206  001.203  000.851: require('plenary')
136.787  000.759  000.759: require('plenary.bit')
137.247  000.446  000.446: require('plenary.functional')
137.327  003.104  001.900: require('plenary.path')
137.351  007.291  001.140: require('neo-tree.sources.filesystem.lib.fs_actions')
137.804  000.444  000.444: require('neo-tree.sources.common.help')
138.782  000.966  000.966: require('neo-tree.sources.common.preview')
138.848  010.067  001.365: require('neo-tree.sources.common.commands')
139.505  000.646  000.646: require('neo-tree.sources.filesystem.lib.filter')
139.560  011.406  000.693: require('neo-tree.sources.filesystem.commands')
141.107  000.402  000.402: require('neo-tree.sources.buffers.components')
141.714  000.592  000.592: require('neo-tree.sources.buffers.commands')
142.994  000.360  000.360: require('neo-tree.sources.git_status.components')
143.422  000.414  000.414: require('neo-tree.sources.git_status.commands')
150.224  067.509  014.020: require('plugins/configs/neo-tree')
154.500  000.410  000.410: require('vim.treesitter.language')
154.547  001.885  001.475: require('vim.treesitter.query')
159.278  000.776  000.776: require('vim.treesitter.languagetree')
159.351  001.419  000.643: require('vim.treesitter')
159.519  003.359  001.940: require('nvim-treesitter.parsers')
159.826  000.300  000.300: require('nvim-treesitter.utils')
159.846  004.692  001.034: require('nvim-treesitter.ts_utils')
159.855  005.299  000.607: require('nvim-treesitter.tsrange')
160.029  000.171  000.171: require('nvim-treesitter.caching')
160.044  008.358  001.003: require('nvim-treesitter.query')
160.061  009.637  001.279: require('nvim-treesitter.configs')
161.066  000.292  000.292: require('nvim-treesitter.info')
161.400  000.327  000.327: require('nvim-treesitter.shell_command_selectors')
161.433  001.344  000.725: require('nvim-treesitter.install')
162.157  011.921  000.939: require('plugins/configs/nvim-treesitter')
162.513  000.348  000.348: require('plugins/configs/telescope')
162.518  147.279  000.231: sourcing /usr/home/jack/.config/nvim/init.lua
162.529  003.191: sourcing vimrc file(s)
163.421  000.548  000.548: sourcing /usr/local/share/nvim/runtime/filetype.lua
163.585  000.118  000.118: sourcing /usr/local/share/nvim/runtime/filetype.vim
164.046  000.152  000.152: sourcing /usr/local/share/nvim/runtime/syntax/synload.vim
164.206  000.551  000.399: sourcing /usr/local/share/nvim/runtime/syntax/syntax.vim
164.385  000.039  000.039: require('vim.F')
166.069  000.284  000.284: sourcing /usr/local/share/nvim/runtime/plugin/gzip.vim
166.143  000.039  000.039: sourcing /usr/local/share/nvim/runtime/plugin/health.vim
167.110  000.316  000.316: sourcing /usr/local/share/nvim/runtime/pack/dist/opt/matchit/plugin/matchit.vim
167.332  001.156  000.840: sourcing /usr/local/share/nvim/runtime/plugin/matchit.vim
167.648  000.275  000.275: sourcing /usr/local/share/nvim/runtime/plugin/matchparen.vim
168.252  000.569  000.569: sourcing /usr/local/share/nvim/runtime/plugin/netrwPlugin.vim
168.614  000.042  000.042: sourcing /usr/home/jack/.local/share/nvim/rplugin.vim
168.633  000.331  000.290: sourcing /usr/local/share/nvim/runtime/plugin/rplugin.vim
168.811  000.142  000.142: sourcing /usr/local/share/nvim/runtime/plugin/shada.vim
168.934  000.052  000.052: sourcing /usr/local/share/nvim/runtime/plugin/spellfile.vim
169.183  000.209  000.209: sourcing /usr/local/share/nvim/runtime/plugin/tarPlugin.vim
169.372  000.148  000.148: sourcing /usr/local/share/nvim/runtime/plugin/tohtml.vim
169.467  000.046  000.046: sourcing /usr/local/share/nvim/runtime/plugin/tutor.vim
169.768  000.263  000.263: sourcing /usr/local/share/nvim/runtime/plugin/zipPlugin.vim
170.796  000.816  000.816: sourcing /usr/home/jack/.config/nvim/plugin/packer_compiled.lua
171.267  000.107  000.107: sourcing /usr/local/share/nvim/runtime/plugin/man.lua
171.296  003.073: loading rtp plugins
172.305  000.161  000.161: sourcing /usr/home/jack/.local/share/nvim/site/pack/packer/start/neo-tree.nvim/plugin/neo-tree.vim
172.765  000.067  000.067: sourcing /usr/home/jack/.local/share/nvim/site/pack/packer/start/nvim-colorizer.lua/plugin/colorizer.vim
175.081  000.178  000.178: require('nvim-treesitter.statusline')
175.360  000.274  000.274: require('nvim-treesitter.query_predicates')
175.368  002.059  001.607: require('nvim-treesitter')
176.124  002.888  000.829: sourcing /usr/home/jack/.local/share/nvim/site/pack/packer/start/nvim-treesitter/plugin/nvim-treesitter.lua
176.455  000.077  000.077: sourcing /usr/home/jack/.local/share/nvim/site/pack/packer/start/nvim-web-devicons/plugin/nvim-web-devicons.vim
176.934  000.065  000.065: sourcing /usr/home/jack/.local/share/nvim/site/pack/packer/start/plenary.nvim/plugin/plenary.vim
177.556  000.221  000.221: sourcing /usr/home/jack/.local/share/nvim/site/pack/packer/start/vim-commentary/plugin/commentary.vim
178.484  000.570  000.570: sourcing /usr/home/jack/.local/share/nvim/site/pack/packer/start/vim-surround/plugin/surround.vim
178.794  003.449: loading packages
178.800  000.006: loading after plugins
178.828  000.028: inits 3
181.678  002.850: reading ShaDa
181.966  000.288: opening buffers
182.260  000.106  000.106: sourcing /usr/local/share/nvim/runtime/syntax/nosyntax.vim
182.582  000.139  000.139: sourcing /usr/local/share/nvim/runtime/syntax/synload.vim
182.729  000.663  000.419: sourcing /usr/local/share/nvim/runtime/syntax/syntax.vim
183.177  000.548: BufEnter autocommands
183.184  000.007: editing files in windows
183.311  000.127: VimEnter autocommands
183.316  000.005: UIEnter autocommands
183.318  000.002: before starting main loop
183.900  000.582: first screen update
183.905  000.005: --- NVIM STARTED ---


times in msec
 clock   self+sourced   self:  sourced script
 clock   elapsed:              other lines

000.019  000.019: --- NVIM STARTING ---
000.207  000.188: event init
000.359  000.152: early init
000.518  000.159: locale set
000.587  000.068: init first window
001.078  000.491: inits 1
001.106  000.028: window checked
001.114  000.008: parsing arguments
002.380  000.517  000.517: require('vim.shared')
003.526  000.493  000.493: require('vim._meta')
003.532  001.144  000.651: require('vim._editor')
003.534  001.803  000.142: require('vim._init_packages')
003.540  000.623: init lua interpreter
004.137  000.597: expanding arguments
004.241  000.104: inits 2
004.690  000.450: init highlight
004.694  000.004: waiting for UI
006.022  001.327: done waiting for UI
006.052  000.030: init screen for UI
006.337  000.285: init default mappings
006.371  000.034: init default autocommands
007.883  000.105  000.105: sourcing /usr/local/share/nvim/runtime/ftplugin.vim
008.163  000.089  000.089: sourcing /usr/local/share/nvim/runtime/indent.vim
010.420  000.325  000.325: require('packer.util')
010.463  001.815  001.490: require('packer')
010.841  000.372  000.372: require('packer.log')
011.710  000.275  000.275: require('packer.async')
012.340  000.224  000.224: require('packer.result')
012.348  000.632  000.407: require('packer.jobs')
012.370  001.479  000.572: require('packer.plugin_utils')
012.790  000.386  000.386: require('packer.snapshot')
013.297  004.921  000.867: require('plugins')
013.602  000.296  000.296: require('settings/keymaps')
013.981  000.373  000.373: require('settings/options')
026.701  012.575  012.575: sourcing /usr/home/jack/.config/nvim/colors/gruvbox.vim
027.682  000.148  000.148: require('colorbuddy.execute')
027.831  000.141  000.141: require('colorbuddy.log')
028.089  000.251  000.251: require('colorbuddy.util')
028.997  000.296  000.296: require('colorbuddy.modifiers')
029.046  000.950  000.654: require('colorbuddy.color')
029.278  000.227  000.227: require('colorbuddy.style')
029.294  002.268  000.551: require('colorbuddy.group')
029.300  002.575  000.307: require('colorbuddy')
029.391  015.402  000.252: require('settings/styles')
030.669  000.337  000.337: require('colorizer/nvim')
031.012  000.023  000.023: require('ffi')
031.241  000.564  000.542: require('colorizer/trie')
031.543  002.061  001.160: require('colorizer')
034.183  004.784  002.723: require('plugins/configs/colorizer')
035.455  000.231  000.231: require('lualine_require')
036.114  001.735  001.504: require('lualine')
041.141  000.144  000.144: require('lualine.utils.mode')
046.436  012.244  010.365: require('plugins/configs/lualine')
048.734  000.259  000.259: require('vim.treesitter.language')
048.761  001.040  000.781: require('vim.treesitter.query')
051.873  000.687  000.687: require('vim.treesitter.languagetree')
051.944  001.211  000.524: require('vim.treesitter')
052.360  002.724  001.513: require('nvim-treesitter.parsers')
052.754  000.385  000.385: require('nvim-treesitter.utils')
052.776  003.699  000.590: require('nvim-treesitter.ts_utils')
052.788  004.022  000.322: require('nvim-treesitter.tsrange')
053.010  000.218  000.218: require('nvim-treesitter.caching')
053.036  005.814  000.535: require('nvim-treesitter.query')
053.074  006.524  000.710: require('nvim-treesitter.configs')
054.476  000.398  000.398: require('nvim-treesitter.info')
054.976  000.493  000.493: require('nvim-treesitter.shell_command_selectors')
055.032  001.924  001.033: require('nvim-treesitter.install')
055.803  009.359  000.910: require('plugins/configs/nvim-treesitter')
056.232  000.422  000.422: require('plugins/configs/telescope')
056.239  047.960  000.160: sourcing /usr/home/jack/.config/nvim/init.lua
056.252  001.727: sourcing vimrc file(s)
057.255  000.669  000.669: sourcing /usr/local/share/nvim/runtime/filetype.lua
057.458  000.130  000.130: sourcing /usr/local/share/nvim/runtime/filetype.vim
058.033  000.205  000.205: sourcing /usr/local/share/nvim/runtime/syntax/synload.vim
058.240  000.675  000.470: sourcing /usr/local/share/nvim/runtime/syntax/syntax.vim
058.467  000.060  000.060: require('vim.F')
060.380  000.322  000.322: sourcing /usr/local/share/nvim/runtime/plugin/gzip.vim
060.462  000.041  000.041: sourcing /usr/local/share/nvim/runtime/plugin/health.vim
061.551  000.352  000.352: sourcing /usr/local/share/nvim/runtime/pack/dist/opt/matchit/plugin/matchit.vim
061.789  001.290  000.939: sourcing /usr/local/share/nvim/runtime/plugin/matchit.vim
062.153  000.308  000.308: sourcing /usr/local/share/nvim/runtime/plugin/matchparen.vim
062.865  000.660  000.660: sourcing /usr/local/share/nvim/runtime/plugin/netrwPlugin.vim
063.291  000.043  000.043: sourcing /usr/home/jack/.local/share/nvim/rplugin.vim
063.312  000.393  000.350: sourcing /usr/local/share/nvim/runtime/plugin/rplugin.vim
063.488  000.133  000.133: sourcing /usr/local/share/nvim/runtime/plugin/shada.vim
063.637  000.071  000.071: sourcing /usr/local/share/nvim/runtime/plugin/spellfile.vim
063.923  000.233  000.233: sourcing /usr/local/share/nvim/runtime/plugin/tarPlugin.vim
064.149  000.170  000.170: sourcing /usr/local/share/nvim/runtime/plugin/tohtml.vim
064.309  000.054  000.054: sourcing /usr/local/share/nvim/runtime/plugin/tutor.vim
064.697  000.334  000.334: sourcing /usr/local/share/nvim/runtime/plugin/zipPlugin.vim
065.999  001.069  001.069: sourcing /usr/home/jack/.config/nvim/plugin/packer_compiled.lua
066.616  000.157  000.157: sourcing /usr/local/share/nvim/runtime/plugin/man.lua
066.649  003.628: loading rtp plugins
067.827  000.188  000.188: sourcing /usr/home/jack/.local/share/nvim/site/pack/packer/start/neo-tree.nvim/plugin/neo-tree.vim
068.427  000.077  000.077: sourcing /usr/home/jack/.local/share/nvim/site/pack/packer/start/nvim-colorizer.lua/plugin/colorizer.vim
071.220  000.238  000.238: require('nvim-treesitter.statusline')
071.655  000.428  000.428: require('nvim-treesitter.query_predicates')
071.663  002.562  001.896: require('nvim-treesitter')
072.677  003.670  001.108: sourcing /usr/home/jack/.local/share/nvim/site/pack/packer/start/nvim-treesitter/plugin/nvim-treesitter.lua
073.064  000.089  000.089: sourcing /usr/home/jack/.local/share/nvim/site/pack/packer/start/nvim-web-devicons/plugin/nvim-web-devicons.vim
073.666  000.084  000.084: sourcing /usr/home/jack/.local/share/nvim/site/pack/packer/start/plenary.nvim/plugin/plenary.vim
074.431  000.279  000.279: sourcing /usr/home/jack/.local/share/nvim/site/pack/packer/start/vim-commentary/plugin/commentary.vim
075.597  000.704  000.704: sourcing /usr/home/jack/.local/share/nvim/site/pack/packer/start/vim-surround/plugin/surround.vim
075.957  004.217: loading packages
075.963  000.007: loading after plugins
075.996  000.033: inits 3
079.176  003.180: reading ShaDa
079.368  000.192: opening buffers
079.732  000.122  000.122: sourcing /usr/local/share/nvim/runtime/syntax/nosyntax.vim
080.112  000.162  000.162: sourcing /usr/local/share/nvim/runtime/syntax/synload.vim
080.272  000.760  000.476: sourcing /usr/local/share/nvim/runtime/syntax/syntax.vim
080.629  000.501: BufEnter autocommands
080.637  000.008: editing files in windows
080.784  000.147: VimEnter autocommands
080.790  000.006: UIEnter autocommands
080.793  000.002: before starting main loop
081.860  001.068: first screen update
081.866  000.006: --- NVIM STARTED ---
